reference;partName;_HID;symbolName;sheetNumber;_DEST;noMount;trimOption;nominal_value;dim_nominal_value;ref_voltage_divider;fac_voltage_divider;des_voltage_divider
B1100;1267362122;sht7.cmp1709;r_sym_1.smb;007;;YES;;;;;;
B1101;1267362122;sht7.cmp1904;r_sym_1.smb;007;;YES;;;;;;
B1102;1267362122;sht7.cmp1698;r_sym_1.smb;007;;YES;;;;;;
B1103;1267362122;sht7.cmp1718;r_sym_1.smb;007;;YES;;;;;;
B1116;1267361507;sht7.cmp2026;r_sym_1.smb;007;;YES;;;;;;
B1150;1267362122;sht8.cmp1712;r_sym_1.smb;008;;YES;;;;;;
B1151;1267362122;sht8.cmp1706;r_sym_1.smb;008;;YES;;;;;;
B1152;1267362122;sht8.cmp1893;r_sym_1.smb;008;;YES;;;;;;
B1153;1267362122;sht8.cmp1906;r_sym_1.smb;008;;YES;;;;;;
B1166;1267361507;sht8.cmp1983;r_sym_1.smb;008;;YES;;;;;;
B1200;1267362122;sht7.cmp1951;r_sym_1.smb;007;;YES;;;;;;
B1201;1267362122;sht7.cmp1950;r_sym_1.smb;007;;YES;;;;;;
B1202;1267362122;sht7.cmp1949;r_sym_1.smb;007;;YES;;;;;;
B1203;1267362122;sht7.cmp1948;r_sym_1.smb;007;;YES;;;;;;
B1250;1267362122;sht8.cmp1939;r_sym_1.smb;008;;YES;;;;;;
B1251;1267362122;sht8.cmp1913;r_sym_1.smb;008;;YES;;;;;;
B1252;1267362122;sht8.cmp1931;r_sym_1.smb;008;;YES;;;;;;
B1253;1267362122;sht8.cmp1930;r_sym_1.smb;008;;YES;;;;;;
B1299;1267362122;sht8.cmp1997;r_sym_1.smb;008;;YES;;;;;;
B3592;1267362122;sht4.cmp1022;r_sym_1.smb;004;;YES;;;;;;
B4551;1267361536;sht3.cmp1944;r_sym_1.smb;003;;YES;;;;;;
B4560;1267362122;sht3.cmp1888;r_sym_1.smb;003;;NO;;;;;;
B4570;1267362122;sht3.cmp1662;r_sym_1.smb;003;;NO;;;;;;
B4575;1267361536;sht3.cmp2034;r_sym_1.smb;003;;NO;;;;;;
B4580;1267362122;sht3.cmp1794;r_sym_1.smb;003;;YES;;;;;;
B4585;1267361536;sht3.cmp2036;r_sym_1.smb;003;;YES;;;;;;
B4590;1267362122;sht3.cmp1714;r_sym_1.smb;003;;YES;;;;;;
B4595;1267361536;sht3.cmp2035;r_sym_1.smb;003;;YES;;;;;;
B4744;1267361536;sht3.cmp1118;r_sym_1.smb;003;;YES;;;;;;
B4745;1267361536;sht3.cmp1117;r_sym_1.smb;003;;NO;;;;;;
B4746;1267362122;sht3.cmp1102;r_sym_1.smb;003;;NO;;;;;;
B4747;1267362122;sht3.cmp1104;r_sym_1.smb;003;;NO;;;;;;
B5000;1267361536;sht10.cmp3273/sht1.cmp2249;r_sym_1.smb;010;;YES;;;;;;
B5001;DUMMYB0603;sht10.cmp3273/sht1.cmp3272;br_sym_2.smb;010;;YES;;;;;;
B5002;1267361536;sht10.cmp3273/sht1.cmp1997;r_sym_1.smb;010;;YES;;;;;;
B5003;1267361536;sht10.cmp3273/sht1.cmp2485;r_sym_1.smb;010;;NO;;;;;;
B5006;1267361536;sht10.cmp3273/sht1.cmp2403;r_sym_1.smb;010;;YES;;;;;;
B5008;1267361536;sht10.cmp3273/sht1.cmp3239;r_sym_1.smb;010;;YES;;;;;;
B5010;1267361536;sht10.cmp3273/sht1.cmp2979;r_sym_1.smb;010;;YES;;;;;;
B5011;1267361536;sht10.cmp3273/sht1.cmp2980;r_sym_1.smb;010;;YES;;;;;;
B5052;1267361536;sht10.cmp3273/sht1.cmp3264;r_sym_1.smb;010;;NO;;;;;;
B5124;1267361536;sht10.cmp3273/sht2.cmp3360;r_sym_1.smb;010;;YES;;;;;;
B5125;1267361536;sht10.cmp3273/sht2.cmp3359;r_sym_1.smb;010;;NO;;;;;;
B5151;1267361536;sht10.cmp3273/sht1.cmp3258;r_sym_1.smb;010;;YES;;;;;;
B5153;1267361536;sht10.cmp3273/sht1.cmp3268;r_sym_1.smb;010;;NO;;;;;;
B5154;1267361536;sht10.cmp3273/sht1.cmp3270;r_sym_1.smb;010;;YES;;;;;;
B5155;1267361536;sht10.cmp3273/sht2.cmp3447;r_sym_1.smb;010;;YES;;;;;;
B5156;1267361536;sht10.cmp3273/sht2.cmp3432;r_sym_1.smb;010;;NO;;;;;;
B5157;1267361536;sht10.cmp3273/sht1.cmp3337;r_sym_1.smb;010;;YES;;;;;;
C1100;1267370911;sht7.cmp2045;c_sym_1.smb;007;;YES;;;;;;
C1101;1267370011;sht7.cmp2027;c_sym_1.smb;007;;YES;;;;;;
C1102;1267370007;sht7.cmp1869;c_sym_1.smb;007;;YES;;;;;;
C1103;1267370007;sht7.cmp1785;c_sym_1.smb;007;;YES;;;;;;
C1104;1267370028;sht7.cmp2041;c_sym_1.smb;007;;YES;;;;;;
C1105;1267370007;sht7.cmp1775;c_sym_1.smb;007;;YES;;;;;;
C1106;1267370682;sht7.cmp2024;c_sym_1.smb;007;;YES;;;;;;
C1107;1267370572;sht7.cmp1794;c_sym_1.smb;007;;YES;;;;;;
C1108;1267370584;sht7.cmp1829;c_sym_1.smb;007;;YES;;;;;;
C1109;1267370584;sht7.cmp1767;c_sym_1.smb;007;;YES;;;;;;
C1110;1267370028;sht7.cmp1801;c_sym_1.smb;007;;YES;;;;;;
C1111;1267370574;sht7.cmp1820;c_sym_1.smb;007;;YES;;;;;;
C1112;1267370584;sht7.cmp1778;c_sym_1.smb;007;;YES;;;;;;
C1113;1267370584;sht7.cmp1772;c_sym_1.smb;007;;YES;;;;;;
C1114;1267370829;sht7.cmp2046;c_sym_1.smb;007;;YES;;;;;;
C1115;1267370572;sht7.cmp1832;c_sym_1.smb;007;;YES;;;;;;
C1150;1267370911;sht8.cmp1995;c_sym_1.smb;008;;YES;;;;;;
C1151;1267370011;sht8.cmp1984;c_sym_1.smb;008;;YES;;;;;;
C1152;1267370007;sht8.cmp1811;c_sym_1.smb;008;;YES;;;;;;
C1153;1267370007;sht8.cmp1807;c_sym_1.smb;008;;YES;;;;;;
C1154;1267370028;sht8.cmp1966;c_sym_1.smb;008;;YES;;;;;;
C1155;1267370007;sht8.cmp1780;c_sym_1.smb;008;;YES;;;;;;
C1156;1267370682;sht8.cmp1981;c_sym_1.smb;008;;YES;;;;;;
C1157;1267370572;sht8.cmp1804;c_sym_1.smb;008;;YES;;;;;;
C1158;1267370584;sht8.cmp1783;c_sym_1.smb;008;;YES;;;;;;
C1159;1267370584;sht8.cmp1759;c_sym_1.smb;008;;YES;;;;;;
C1160;1267370028;sht8.cmp1782;c_sym_1.smb;008;;YES;;;;;;
C1161;1267370574;sht8.cmp1790;c_sym_1.smb;008;;YES;;;;;;
C1162;1267370584;sht8.cmp1764;c_sym_1.smb;008;;YES;;;;;;
C1163;1267370584;sht8.cmp1770;c_sym_1.smb;008;;YES;;;;;;
C1164;1267370829;sht8.cmp1996;c_sym_1.smb;008;;YES;;;;;;
C1165;1267370572;sht8.cmp1762;c_sym_1.smb;008;;YES;;;;;;
C1200;1267370594;sht7.cmp1927;c_sym_1.smb;007;;YES;;;;;;
C1201;1267370595;sht7.cmp1932;c_sym_1.smb;007;;YES;;;;;;
C1202;1267370595;sht7.cmp1913;c_sym_1.smb;007;;YES;;;;;;
C1203;1267370595;sht7.cmp1929;c_sym_1.smb;007;;YES;;;;;;
C1204;1267370564;sht7.cmp1937;c_sym_1.smb;007;;YES;;;;;;
C1205;1267370564;sht7.cmp1920;c_sym_1.smb;007;;YES;;;;;;
C1250;1267370594;sht8.cmp1921;c_sym_1.smb;008;;YES;;;;;;
C1251;1267370595;sht8.cmp1922;c_sym_1.smb;008;;YES;;;;;;
C1252;1267370595;sht8.cmp1920;c_sym_1.smb;008;;YES;;;;;;
C1253;1267370595;sht8.cmp1937;c_sym_1.smb;008;;YES;;;;;;
C1254;1267370564;sht8.cmp1945;c_sym_1.smb;008;;YES;;;;;;
C1255;1267370564;sht8.cmp1929;c_sym_1.smb;008;;YES;;;;;;
C1400;1267370662;sht4.cmp728;c_sym_1.smb;004;;NO;;;;;;
C1405;1267370662;sht4.cmp529;c_sym_1.smb;004;;NO;;;;;;
C1410;1267370662;sht4.cmp466;c_sym_1.smb;004;;NO;;;;;;
C1415;1267370662;sht4.cmp822;c_sym_1.smb;004;;NO;;;;;;
C1420;1267361535;sht4.cmp1031;c_sym_1.smb;004;;NO;;;;;;
C1425;1267370662;sht4.cmp497;c_sym_1.smb;004;;NO;;;;;;
C1430;1267370662;sht4.cmp500;c_sym_1.smb;004;;NO;;;;;;
C1435;1267370662;sht4.cmp299;c_sym_1.smb;004;;NO;;;;;;
C1440;1267370662;sht4.cmp535;c_sym_1.smb;004;;NO;;;;;;
C1445;1267370662;sht4.cmp543;c_sym_1.smb;004;;NO;;;;;;
C1450;1267370662;sht4.cmp461;c_sym_1.smb;004;;NO;;;;;;
C1455;1267370662;sht4.cmp411;c_sym_1.smb;004;;NO;;;;;;
C1460;1267370662;sht4.cmp385;c_sym_1.smb;004;;NO;;;;;;
C1465;1267370662;sht4.cmp556;c_sym_1.smb;004;;NO;;;;;;
C1470;1267370662;sht4.cmp372;c_sym_1.smb;004;;NO;;;;;;
C1475;1267370011;sht4.cmp376;c_sym_1.smb;004;;NO;;;;;;
C1480;1267370662;sht4.cmp595;c_sym_1.smb;004;;NO;;;;;;
C1485;1267370662;sht4.cmp369;c_sym_1.smb;004;;NO;;;;;;
C1490;1267370662;sht4.cmp523;c_sym_1.smb;004;;NO;;;;;;
C1495;1267370662;sht4.cmp301;c_sym_1.smb;004;;NO;;;;;;
C1500;1267361535;sht4.cmp760;c_sym_1.smb;004;;NO;;;;;;
C1505;1267361535;sht4.cmp658;c_sym_1.smb;004;;NO;;;;;;
C1510;1267370662;sht5.cmp396;c_sym_1.smb;005;;NO;;;;;;
C1515;1267370662;sht5.cmp1462;c_sym_1.smb;005;;NO;;;;;;
C1520;1267370662;sht5.cmp360;c_sym_1.smb;005;;NO;;;;;;
C1525;1267370682;sht5.cmp1159;c_sym_1.smb;005;;NO;;;;;;
C1530;1267361535;sht5.cmp696;c_sym_1.smb;005;;NO;;;;;;
C1535;1267370682;sht5.cmp720;c_sym_1.smb;005;;NO;;;;;;
C1540;1267370662;sht5.cmp1280;c_sym_1.smb;005;;NO;;;;;;
C1545;1267370662;sht5.cmp746;c_sym_1.smb;005;;NO;;;;;;
C1550;1267370662;sht5.cmp1453;c_sym_1.smb;005;;NO;;;;;;
C1600;1267370682;sht6.cmp13;c_sym_1.smb;006;;NO;;;;;;
C1700;1267370682;sht6.cmp742;c_sym_1.smb;006;;NO;;;;;;
C1710;1267370682;sht6.cmp1116;c_sym_1.smb;006;;NO;;;;;;
C1716;1267370011;sht6.cmp1123;c_sym_1.smb;006;;NO;;;;;;
C1975;1267370662;sht6.cmp1006;c_sym_1.smb;006;;NO;;;;;;
C2080;1267370011;sht4.cmp457;c_sym_1.smb;004;;NO;;;;;;
C2100;1267370667;sht9.cmp1078;c_sym_1.smb;009;;NO;;;;;;
C2110;1267370007;sht9.cmp374;c_sym_1.smb;009;;NO;;;;;;
C2120;1267370007;sht9.cmp1474;c_sym_1.smb;009;;NO;;;;;;
C2130;1267370007;sht9.cmp350;c_sym_1.smb;009;;NO;;;;;;
C2134;1267370907;sht9.cmp1251;c_sym_1.smb;009;;NO;;;;;;
C2140;1267370667;sht9.cmp1074;c_sym_1.smb;009;;NO;;;;;;
C2145;1267370667;sht9.cmp1075;c_sym_1.smb;009;;NO;;;;;;
C2150;1267370667;sht9.cmp1077;c_sym_1.smb;009;;NO;;;;;;
C2155;1267370007;sht9.cmp347;c_sym_1.smb;009;;NO;;;;;;
C2160;1267370007;sht9.cmp568;c_sym_1.smb;009;;NO;;;;;;
C2165;1267370007;sht9.cmp1268;c_sym_1.smb;009;;NO;;;;;;
C2170;1267370007;sht5.cmp1430;c_sym_1.smb;005;;NO;;;;;;
C2171;1267370907;sht5.cmp1428;c_sym_1.smb;005;;NO;;;;;;
C2175;1267370607;sht9.cmp303;c_sym_1.smb;009;;NO;;;;;;
C2180;1267370667;sht9.cmp1085;c_sym_1.smb;009;;NO;;;;;;
C2185;1267370667;sht9.cmp1209;c_sym_1.smb;009;;NO;;;;;;
C2190;1267370607;sht9.cmp1090;c_sym_1.smb;009;;NO;;;;;;
C2195;1267370682;sht9.cmp1758;c_sym_1.smb;009;;NO;;;;;;
C2200;1267370007;sht9.cmp1741;c_sym_1.smb;009;;NO;;;;;;
C2202;1267370907;sht9.cmp1550;c_sym_1.smb;009;;NO;;;;;;
C2210;1267370007;sht9.cmp1742;c_sym_1.smb;009;;NO;;;;;;
C2212;1267370907;sht9.cmp1546;c_sym_1.smb;009;;NO;;;;;;
C2220;1267370007;sht9.cmp809;c_sym_1.smb;009;;NO;;;;;;
C2225;1267370907;sht9.cmp804;c_sym_1.smb;009;;NO;;;;;;
C2230;1267370007;sht9.cmp1343;c_sym_1.smb;009;;NO;;;;;;
C2235;1267370907;sht9.cmp1318;c_sym_1.smb;009;;NO;;;;;;
C2240;1267370007;sht9.cmp1342;c_sym_1.smb;009;;NO;;;;;;
C2245;1267370907;sht9.cmp1339;c_sym_1.smb;009;;NO;;;;;;
C2250;1267370007;sht9.cmp1662;c_sym_1.smb;009;;NO;;;;;;
C2255;1267370907;sht9.cmp1644;c_sym_1.smb;009;;NO;;;;;;
C2260;1267370007;sht9.cmp1649;c_sym_1.smb;009;;NO;;;;;;
C2265;1267370907;sht9.cmp1643;c_sym_1.smb;009;;NO;;;;;;
C2270;1267370007;sht9.cmp1685;c_sym_1.smb;009;;NO;;;;;;
C2275;1267370907;sht9.cmp1683;c_sym_1.smb;009;;NO;;;;;;
C2280;1267370007;sht9.cmp1699;c_sym_1.smb;009;;NO;;;;;;
C2285;1267370907;sht9.cmp1682;c_sym_1.smb;009;;NO;;;;;;
C2495;1267370007;sht4.cmp859;c_sym_1.smb;004;;NO;;;;;;
C2500;1267370907;sht4.cmp874;c_sym_1.smb;004;;NO;;;;;;
C2505;1267370007;sht4.cmp894;c_sym_1.smb;004;;NO;;;;;;
C2510;1267370907;sht4.cmp885;c_sym_1.smb;004;;NO;;;;;;
C2515;1267370007;sht4.cmp923;c_sym_1.smb;004;;NO;;;;;;
C2520;1267370907;sht4.cmp913;c_sym_1.smb;004;;NO;;;;;;
C2530;1267370007;sht5.cmp1388;c_sym_1.smb;005;;NO;;;;;;
C2531;1267370907;sht5.cmp1341;c_sym_1.smb;005;;NO;;;;;;
C2540;1267370007;sht5.cmp825;c_sym_1.smb;005;;NO;;;;;;
C2545;1267370907;sht5.cmp818;c_sym_1.smb;005;;NO;;;;;;
C2550;1267370007;sht5.cmp1185;c_sym_1.smb;005;;NO;;;;;;
C2555;1267370907;sht5.cmp937;c_sym_1.smb;005;;NO;;;;;;
C2560;1267370007;sht5.cmp1179;c_sym_1.smb;005;;NO;;;;;;
C2565;1267370907;sht5.cmp849;c_sym_1.smb;005;;NO;;;;;;
C2570;1267370007;sht5.cmp866;c_sym_1.smb;005;;NO;;;;;;
C2575;1267370907;sht5.cmp1201;c_sym_1.smb;005;;NO;;;;;;
C2580;1267370007;sht5.cmp1068;c_sym_1.smb;005;;NO;;;;;;
C2585;1267370907;sht5.cmp558;c_sym_1.smb;005;;NO;;;;;;
C2590;1267370007;sht5.cmp770;c_sym_1.smb;005;;NO;;;;;;
C2595;1267370907;sht5.cmp581;c_sym_1.smb;005;;NO;;;;;;
C2600;1267370007;sht5.cmp769;c_sym_1.smb;005;;NO;;;;;;
C2605;1267370907;sht5.cmp586;c_sym_1.smb;005;;NO;;;;;;
C2610;1267370007;sht5.cmp1064;c_sym_1.smb;005;;NO;;;;;;
C2615;1267370907;sht5.cmp990;c_sym_1.smb;005;;NO;;;;;;
C2620;1267370007;sht5.cmp1063;c_sym_1.smb;005;;NO;;;;;;
C2625;1267370907;sht5.cmp957;c_sym_1.smb;005;;NO;;;;;;
C2630;1267370007;sht5.cmp1052;c_sym_1.smb;005;;NO;;;;;;
C2635;1267370907;sht5.cmp833;c_sym_1.smb;005;;NO;;;;;;
C2640;1267370007;sht5.cmp1268;c_sym_1.smb;005;;NO;;;;;;
C2645;1267370907;sht5.cmp1263;c_sym_1.smb;005;;NO;;;;;;
C3000;1267370911;sht1.cmp5107;c_sym_1.smb;001;;NO;;;;;;
C3001;1267370844;sht1.cmp5108;c_sym_1.smb;001;;NO;;;;;;
C3003;1267373304;sht1.cmp4999;elko_sym_1.smb;001;;NO;;;;;;
C3004;1267370844;sht1.cmp5109;c_sym_1.smb;001;;YES;;;;;;
C3005;1267370844;sht1.cmp5110;c_sym_1.smb;001;;NO;;;;;;
C3006;1267370829;sht1.cmp5111;c_sym_1.smb;001;;YES;;;;;;
C3010;1267370911;sht1.cmp5112;c_sym_1.smb;001;;YES;;;;;;
C3012;1267370828;sht1.cmp5113;c_sym_1.smb;001;;NO;;;;;;
C3013;1267370760;sht1.cmp5114;c_sym_1.smb;001;;NO;;;;;;
C3014;1267370760;sht1.cmp5202;c_sym_1.smb;001;;NO;;;;;;
C3019;1267362137;sht1.cmp4987;c_sym_1.smb;001;;YES;;;;;;
C3020;1267370594;sht1.cmp5115;c_sym_1.smb;001;;NO;;;;;;
C3021;1267370682;sht1.cmp4983;c_sym_1.smb;001;;NO;;;;;;
C3023;1267370008;sht1.cmp4989;c_sym_1.smb;001;;YES;;;;;;
C3024;1267370666;sht1.cmp4982;c_sym_1.smb;001;;YES;;;;;;
C3025;1267362134;sht1.cmp5232;c_sym_1.smb;001;;NO;;;;;;
C3026;1267370767;sht1.cmp4991;c_sym_1.smb;001;;NO;;;;;;
C3027;1267370767;sht1.cmp4995;c_sym_1.smb;001;;NO;;;;;;
C3028;1267370028;sht1.cmp4990;c_sym_1.smb;001;;NO;;;;;;
C3029;1267370028;sht1.cmp4984;c_sym_1.smb;001;;NO;;;;;;
C3030;1267370771;sht1.cmp4981;c_sym_1.smb;001;;NO;;;;;;
C3031;1267370009;sht1.cmp4994;c_sym_1.smb;001;;NO;;;;;;
C3032;1267370670;sht1.cmp5231;c_sym_1.smb;001;;NO;;;;;;
C3034;1267362132;sht1.cmp5241;c_sym_1.smb;001;;YES;;;;;;
C3041;1267370564;sht1.cmp4992;c_sym_1.smb;001;;NO;;;;;;
C3042;1267370564;sht1.cmp4998;c_sym_1.smb;001;;NO;;;;;;
C3043;1267370564;sht1.cmp4985;c_sym_1.smb;001;;YES;;;;;;
C3050;1267370011;sht2.cmp2250;c_sym_1.smb;002;;NO;;;;;;
C3051;1267370771;sht2.cmp2254;c_sym_1.smb;002;;YES;;;;;;
C3052;1267370011;sht2.cmp2323;c_sym_1.smb;002;;YES;;;;;;
C3053;1267370771;sht2.cmp2278;c_sym_1.smb;002;;NO;;;;;;
C3054;1267370011;sht2.cmp2348;c_sym_1.smb;002;;NO;;;;;;
C3055;1267370771;sht2.cmp2324;c_sym_1.smb;002;;NO;;;;;;
C3059;1267370682;sht1.cmp5118;c_sym_1.smb;001;;NO;;;;;;
C3071;1267370564;sht2.cmp2251;c_sym_1.smb;002;;NO;;;;;;
C3072;1267370564;sht2.cmp2249;c_sym_1.smb;002;;NO;;;;;;
C3073;1267370564;sht2.cmp2306;c_sym_1.smb;002;;NO;;;;;;
C3075;1267370747;sht2.cmp2274;c_sym_1.smb;002;;YES;;;;;;
C3076;1267370747;sht2.cmp2301;c_sym_1.smb;002;;YES;;;;;;
C3077;1267370747;sht2.cmp2260;c_sym_1.smb;002;;YES;;;;;;
C3080;1267370564;sht1.cmp4993;c_sym_1.smb;001;;NO;;;;;;
C3090;1267362134;sht1.cmp4988;c_sym_1.smb;001;;NO;;;;;;
C3167;1267370007;sht2.cmp2328;c_sym_1.smb;002;;YES;;;;;;
C3168;1267370007;sht2.cmp2341;c_sym_1.smb;002;;YES;;;;;;
C3170;1267370011;sht3.cmp584;c_sym_1.smb;003;;NO;;;;;;
C3171;1267370010;sht3.cmp1164;c_sym_1.smb;003;;NO;;;;;;
C3200;1267370906;sht2.cmp2377;c_sym_1.smb;002;;NO;;;;;;
C3589;1267370844;sht1.cmp4345;c_sym_1.smb;001;;YES;;;;;;
C3593;1267370911;sht1.cmp5233;c_sym_1.smb;001;;NO;;;;;;
C3595;1267370829;sht1.cmp5199;c_sym_1.smb;001;;NO;;;;;;
C3596;1267373112;sht1.cmp4234;elko_sym_1.smb;001;;NO;;;;;;
C3597;1267373112;sht1.cmp4233;elko_sym_1.smb;001;;NO;;;;;;
C3599;1267370911;sht1.cmp5234;c_sym_1.smb;001;;NO;;;;;;
C4550;1267370011;sht3.cmp1959;c_sym_1.smb;003;;YES;;;;;;
C4553;1267370010;sht3.cmp1949;c_sym_1.smb;003;;YES;;;;;;
C4555;1267370011;sht3.cmp1956;c_sym_1.smb;003;;YES;;;;;;
C4560;1267370911;sht3.cmp1900;c_sym_1.smb;003;;NO;;;;;;
C4561;1267370008;sht3.cmp1877;c_sym_1.smb;003;;NO;;;;;;
C4570;1267370911;sht3.cmp1699;c_sym_1.smb;003;;NO;;;;;;
C4571;1267370008;sht3.cmp1834;c_sym_1.smb;003;;NO;;;;;;
C4575;1267370011;sht3.cmp2018;c_sym_1.smb;003;;YES;;;;;;
C4580;1267370911;sht3.cmp1788;c_sym_1.smb;003;;YES;;;;;;
C4581;1267370008;sht3.cmp1832;c_sym_1.smb;003;;YES;;;;;;
C4585;1267370011;sht3.cmp2011;c_sym_1.smb;003;;YES;;;;;;
C4590;1267370911;sht3.cmp1737;c_sym_1.smb;003;;YES;;;;;;
C4591;1267370008;sht3.cmp1833;c_sym_1.smb;003;;YES;;;;;;
C4595;1267370011;sht3.cmp1995;c_sym_1.smb;003;;YES;;;;;;
C4740;1267370682;sht3.cmp1222;c_sym_1.smb;003;;NO;;;;;;
C4741;1267370682;sht3.cmp927;c_sym_1.smb;003;;NO;;;;;;
C4742;1267370911;sht3.cmp1830;c_sym_1.smb;003;;NO;;;;;;
C4745;1267370010;sht3.cmp1109;c_sym_1.smb;003;;NO;;;;;;
C4746;1267370577;sht3.cmp1107;c_sym_1.smb;003;;YES;;;;;;
C4747;1267370577;sht3.cmp1108;c_sym_1.smb;003;;YES;;;;;;
C4763;1267370562;sht3.cmp1764;c_sym_1.smb;003;;YES;;;;;;
C5000;1267370029;sht10.cmp3273/sht1.cmp2444;c_sym_1.smb;010;;NO;;;;;;
C5001;1267370029;sht10.cmp3273/sht1.cmp2297;c_sym_1.smb;010;;NO;;;;;;
C5002;1267370011;sht10.cmp3273/sht1.cmp2465;c_sym_1.smb;010;;NO;;;;;;
C5003;1267370640;sht10.cmp3273/sht1.cmp2600;c_sym_1.smb;010;;YES;;;;;;
C5004;1267370650;sht10.cmp3273/sht1.cmp2475;c_sym_1.smb;010;;YES;;;;;;
C5005;1267370650;sht10.cmp3273/sht1.cmp2530;c_sym_1.smb;010;;YES;;;;;;
C5006;1267370011;sht10.cmp3273/sht1.cmp2848;c_sym_2.smb;010;;NO;;;;;;
C5007;1267370029;sht10.cmp3273/sht1.cmp3389;c_sym_2.smb;010;;NO;;;;;;
C5008;1267370011;sht10.cmp3273/sht1.cmp2849;c_sym_2.smb;010;;NO;;;;;;
C5009;1267370029;sht10.cmp3273/sht1.cmp3390;c_sym_1.smb;010;;NO;;;;;;
C5010;1267370029;sht10.cmp3273/sht1.cmp3391;c_sym_1.smb;010;;YES;;;;;;
C5011;1267370011;sht10.cmp3273/sht1.cmp2461;c_sym_1.smb;010;;NO;;;;;;
C5012;1267370011;sht10.cmp3273/sht1.cmp2383;c_sym_1.smb;010;;NO;;;;;;
C5013;1267370011;sht10.cmp3273/sht1.cmp2258;c_sym_1.smb;010;;NO;;;;;;
C5014;1267370011;sht10.cmp3273/sht1.cmp2091;c_sym_1.smb;010;;NO;;;;;;
C5015;1267370011;sht10.cmp3273/sht1.cmp2304;c_sym_1.smb;010;;NO;;;;;;
C5016;1267370011;sht10.cmp3273/sht1.cmp2021;c_sym_1.smb;010;;NO;;;;;;
C5017;1267370011;sht10.cmp3273/sht1.cmp2235;c_sym_1.smb;010;;NO;;;;;;
C5018;1267370011;sht10.cmp3273/sht1.cmp2593;c_sym_1.smb;010;;NO;;;;;;
C5019;1267370011;sht10.cmp3273/sht1.cmp2164;c_sym_1.smb;010;;NO;;;;;;
C5020;1267370011;sht10.cmp3273/sht1.cmp2526;c_sym_1.smb;010;;NO;;;;;;
C5021;1267370011;sht10.cmp3273/sht1.cmp2453;c_sym_1.smb;010;;NO;;;;;;
C5022;1267370011;sht10.cmp3273/sht1.cmp2292;c_sym_1.smb;010;;NO;;;;;;
C5023;1267370011;sht10.cmp3273/sht1.cmp2369;c_sym_1.smb;010;;NO;;;;;;
C5024;1267370011;sht10.cmp3273/sht1.cmp2226;c_sym_1.smb;010;;NO;;;;;;
C5025;1267370011;sht10.cmp3273/sht1.cmp2148;c_sym_1.smb;010;;NO;;;;;;
C5026;1267370011;sht10.cmp3273/sht1.cmp2078;c_sym_1.smb;010;;NO;;;;;;
C5027;1267370011;sht10.cmp3273/sht1.cmp2010;c_sym_1.smb;010;;NO;;;;;;
C5028;1267370028;sht10.cmp3273/sht1.cmp3320;c_sym_1.smb;010;;YES;;;;;;
C5029;1267370011;sht10.cmp3273/sht1.cmp2580;c_sym_1.smb;010;;NO;;;;;;
C5030;1267370011;sht10.cmp3273/sht1.cmp2502;c_sym_1.smb;010;;NO;;;;;;
C5031;1267370011;sht10.cmp3273/sht1.cmp2437;c_sym_1.smb;010;;NO;;;;;;
C5032;1267370011;sht10.cmp3273/sht1.cmp2030;c_sym_1.smb;010;;YES;;;;;;
C5033;1267370011;sht10.cmp3273/sht2.cmp3408;c_sym_1.smb;010;;NO;;;;;;
C5034;1267370011;sht10.cmp3273/sht2.cmp3424;c_sym_1.smb;010;;NO;;;;;;
C5035;1267370011;sht10.cmp3273/sht2.cmp3387;c_sym_1.smb;010;;NO;;;;;;
C5036;1267370011;sht10.cmp3273/sht2.cmp3438;c_sym_1.smb;010;;NO;;;;;;
C5037;1267370011;sht10.cmp3273/sht2.cmp3452;c_sym_1.smb;010;;NO;;;;;;
C5038;1267370011;sht10.cmp3273/sht2.cmp3403;c_sym_1.smb;010;;NO;;;;;;
C5039;1267370011;sht10.cmp3273/sht2.cmp3391;c_sym_1.smb;010;;NO;;;;;;
C5040;1267370011;sht10.cmp3273/sht2.cmp3388;c_sym_1.smb;010;;NO;;;;;;
C5041;1267370011;sht10.cmp3273/sht2.cmp3453;c_sym_1.smb;010;;NO;;;;;;
C5042;1267370011;sht10.cmp3273/sht2.cmp3428;c_sym_1.smb;010;;YES;;;;;;
C5043;1267370011;sht10.cmp3273/sht2.cmp3393;c_sym_1.smb;010;;NO;;;;;;
C5044;1267370011;sht10.cmp3273/sht2.cmp3412;c_sym_1.smb;010;;NO;;;;;;
C5045;1267370011;sht10.cmp3273/sht2.cmp3392;c_sym_1.smb;010;;NO;;;;;;
C5046;1267370011;sht10.cmp3273/sht2.cmp3419;c_sym_1.smb;010;;NO;;;;;;
C5080;1267370011;sht10.cmp3273/sht1.cmp3247;c_sym_1.smb;010;;YES;;;;;;
C5081;1267370011;sht10.cmp3273/sht1.cmp3248;c_sym_1.smb;010;;YES;;;;;;
C5082;1267370011;sht10.cmp3273/sht1.cmp3249;c_sym_1.smb;010;;YES;;;;;;
C5083;1267370011;sht10.cmp3273/sht1.cmp3253;c_sym_1.smb;010;;NO;;;;;;
C5084;1267370011;sht10.cmp3273/sht1.cmp3255;c_sym_1.smb;010;;NO;;;;;;
C5090;1267370011;sht10.cmp3273/sht1.cmp3380;c_sym_1.smb;010;;YES;;;;;;
C5091;1267370011;sht10.cmp3273/sht1.cmp3383;c_sym_1.smb;010;;YES;;;;;;
C5092;1267370011;sht10.cmp3273/sht1.cmp3385;c_sym_1.smb;010;;YES;;;;;;
C5120;1267370011;sht10.cmp3273/sht2.cmp3308;c_sym_1.smb;010;;NO;;;;;;
C5121;1267362205;sht10.cmp3273/sht2.cmp3333;c_sym_1.smb;010;;NO;;;;;;
C5124;1267370011;sht10.cmp3273/sht2.cmp3336;c_sym_1.smb;010;;NO;;;;;;
C5125;1267362205;sht10.cmp3273/sht2.cmp3321;c_sym_1.smb;010;;NO;;;;;;
C5126;1267362205;sht10.cmp3273/sht2.cmp3313;c_sym_1.smb;010;;NO;;;;;;
C5127;1267362205;sht10.cmp3273/sht2.cmp3330;c_sym_1.smb;010;;NO;;;;;;
C5128;1267370607;sht10.cmp3273/sht2.cmp3516;c_sym_1.smb;010;;YES;;;;;;
C5807;1267370011;sht14.cmp1916;c_sym_1.smb;014;;NO;;;;;;
C5808;1267370011;sht14.cmp1903;c_sym_1.smb;014;;NO;;;;;;
C5809;1267370011;sht14.cmp2234;c_sym_1.smb;014;;NO;;;;;;
C5811;1267361535;sht14.cmp2220;c_sym_1.smb;014;;NO;;;;;;
C5901;1267370007;sht16.cmp4610;c_sym_1.smb;016;;NO;;;;;;
C5902;1267370007;sht16.cmp4489;c_sym_1.smb;016;;NO;;;;;;
C5908;1267370668;sht6.cmp1091;c_sym_1.smb;006;;NO;;;;;;
C5909;1267370668;sht6.cmp1057;c_sym_1.smb;006;;NO;;;;;;
C5910;1267370009;sht15.cmp3452;c_sym_1.smb;015;;NO;;;;;;
C5930;1267370649;sht15.cmp3574;c_sym_1.smb;015;;NO;;;;;;
C5931;1267370649;sht15.cmp3575;c_sym_1.smb;015;;NO;;;;;;
C5936;1267370666;sht15.cmp3568;c_sym_1.smb;015;;NO;;;;;;
C5937;1267370666;sht15.cmp3569;c_sym_1.smb;015;;NO;;;;;;
C5965;1267370011;sht6.cmp482;c_sym_1.smb;006;;NO;;;;;;
C5966;1267370011;sht13.cmp2317;c_sym_1.smb;013;;NO;;;;;;
C5967;1267361535;sht13.cmp2152;c_sym_1.smb;013;;NO;;;;;;
C5968;1267370011;sht14.cmp2403;c_sym_1.smb;014;;NO;;;;;;
C5969;1267361535;sht14.cmp2415;c_sym_1.smb;014;;NO;;;;;;
C5970;1267362131;sht7.cmp2033;c_sym_1.smb;007;;NO;;;;;;
C5971;1267362131;sht8.cmp1969;c_sym_1.smb;008;;NO;;;;;;
C6000;1267370011;sht11.cmp2610;c_sym_1.smb;011;;NO;;;;;;
C6020;1267370907;sht2.cmp2697;c_sym_1.smb;002;;YES;;;;;;
C6050;1267370011;sht12.cmp1970;c_sym_1.smb;012;;NO;;;;;;
C6220;1267370011;sht11.cmp2687;c_sym_1.smb;011;;NO;;;;;;
C6221;1267370577;sht11.cmp2701;c_sym_1.smb;011;;YES;;;;;;
C6222;1267370577;sht11.cmp2690;c_sym_1.smb;011;;YES;;;;;;
C6225;1267370682;sht11.cmp2741;c_sym_1.smb;011;;NO;;;;;;
C6226;1267370682;sht11.cmp2740;c_sym_1.smb;011;;NO;;;;;;
C6230;1267370011;sht11.cmp2814;c_sym_1.smb;011;;YES;;;;;;
C6235;1267370669;sht11.cmp2813;c_sym_1.smb;011;;YES;;;;;;
C6236;1267361535;sht11.cmp2815;c_sym_1.smb;011;;NO;;;;;;
C6240;1267370011;sht12.cmp2083;c_sym_1.smb;012;;NO;;;;;;
C6241;1267370577;sht12.cmp2089;c_sym_1.smb;012;;YES;;;;;;
C6242;1267370577;sht12.cmp2085;c_sym_1.smb;012;;YES;;;;;;
C6245;1267370667;sht12.cmp2082;c_sym_1.smb;012;;NO;;;;;;
C6246;1267370011;sht12.cmp2081;c_sym_1.smb;012;;NO;;;;;;
C6250;1267370011;sht12.cmp2135;c_sym_1.smb;012;;YES;;;;;;
C6255;1267370669;sht12.cmp2140;c_sym_1.smb;012;;YES;;;;;;
C6256;1267361535;sht12.cmp2128;c_sym_1.smb;012;;NO;;;;;;
C6260;1267370011;sht13.cmp1881;c_sym_1.smb;013;;YES;;;;;;
C6265;1267370669;sht13.cmp1744;c_sym_1.smb;013;;YES;;;;;;
C6266;1267361535;sht13.cmp1801;c_sym_1.smb;013;;NO;;;;;;
C6270;1267370011;sht13.cmp1740;c_sym_1.smb;013;;YES;;;;;;
C6275;1267370669;sht13.cmp1853;c_sym_1.smb;013;;YES;;;;;;
C6276;1267361535;sht13.cmp1727;c_sym_1.smb;013;;NO;;;;;;
C6721;1267370011;sht13.cmp1760;c_sym_1.smb;013;;NO;;;;;;
C6940;1267362137;sht15.cmp3455;c_sym_1.smb;015;;NO;;;;;;
C6960;1267362137;sht15.cmp3420;c_sym_1.smb;015;;NO;;;;;;
C6980;1267362137;sht15.cmp3421;c_sym_1.smb;015;;NO;;;;;;
C7120;1267362137;sht15.cmp3490;c_sym_1.smb;015;;NO;;;;;;
C7162;1267362137;sht15.cmp3508;c_sym_1.smb;015;;NO;;;;;;
C8101;1267370911;sht13.cmp2314;c_sym_1.smb;013;;NO;;;;;;
C8103;1267370562;sht13.cmp2307;c_sym_1.smb;013;;NO;;;;;;
C8104;1267370562;sht13.cmp2289;c_sym_1.smb;013;;NO;;;;;;
C8105;1267370011;sht13.cmp2302;c_sym_1.smb;013;;NO;;;;;;
C8121;1267370911;sht13.cmp2226;c_sym_1.smb;013;;YES;;;;;;
C8123;1267370562;sht13.cmp2223;c_sym_1.smb;013;;YES;;;;;;
C8124;1267370562;sht13.cmp2163;c_sym_1.smb;013;;YES;;;;;;
C8125;1267370011;sht13.cmp2236;c_sym_1.smb;013;;YES;;;;;;
C8301;1267370911;sht14.cmp1921;c_sym_1.smb;014;;NO;;;;;;
C8303;1267370562;sht14.cmp1913;c_sym_1.smb;014;;NO;;;;;;
C8304;1267370562;sht14.cmp1924;c_sym_1.smb;014;;NO;;;;;;
C8305;1267370011;sht14.cmp1905;c_sym_1.smb;014;;NO;;;;;;
C8311;1267370911;sht14.cmp1907;c_sym_1.smb;014;;NO;;;;;;
C8313;1267370562;sht14.cmp1919;c_sym_1.smb;014;;NO;;;;;;
C8314;1267370562;sht14.cmp1918;c_sym_1.smb;014;;NO;;;;;;
C8321;1267370911;sht14.cmp2319;c_sym_1.smb;014;;NO;;;;;;
C8323;1267370562;sht14.cmp2271;c_sym_1.smb;014;;NO;;;;;;
C8324;1267370562;sht14.cmp2175;c_sym_1.smb;014;;NO;;;;;;
C8325;1267370011;sht14.cmp2156;c_sym_1.smb;014;;NO;;;;;;
C8331;1267370911;sht14.cmp2131;c_sym_1.smb;014;;YES;;;;;;
C8333;1267370562;sht14.cmp2127;c_sym_1.smb;014;;YES;;;;;;
C8334;1267370562;sht14.cmp2259;c_sym_1.smb;014;;YES;;;;;;
C8341;1267370911;sht14.cmp2375;c_sym_1.smb;014;;NO;;;;;;
C8343;1267370562;sht14.cmp2369;c_sym_1.smb;014;;NO;;;;;;
C8344;1267370562;sht14.cmp2376;c_sym_1.smb;014;;NO;;;;;;
C8345;1267370011;sht14.cmp2378;c_sym_1.smb;014;;NO;;;;;;
C8351;1267370911;sht14.cmp2417;c_sym_1.smb;014;;YES;;;;;;
C8353;1267370562;sht14.cmp2384;c_sym_1.smb;014;;YES;;;;;;
C8354;1267370562;sht14.cmp2402;c_sym_1.smb;014;;YES;;;;;;
C8430;1267370640;sht9.cmp1766;c_sym_1.smb;009;;YES;;;;;;
C8431;1267370669;sht9.cmp1598;c_sym_1.smb;009;;NO;;;;;;
C8435;1267370529;sht9.cmp1583;c_sym_1.smb;009;;NO;;;;;;
C9500;1267373305;sht16.cmp4932;elko_sym_1.smb;016;;NO;;;;;;
C9501;8909004859;sht16.cmp4965;c_sym_1.smb;016;;NO;;;;;;
C9502;8909004859;sht16.cmp4966;c_sym_1.smb;016;;NO;;;;;;
C9505;1267373305;sht16.cmp4939;elko_sym_1.smb;016;;NO;;;;;;
C9506;1267362134;sht16.cmp4970;c_sym_1.smb;016;;NO;;;;;;
C9507;1267362132;sht16.cmp5003;c_sym_1.smb;016;;NO;;;;;;
C9515;1267370009;sht16.cmp4906;c_sym_1.smb;016;;YES;;;;;;
C9520;8909007163;sht16.cmp4944;c_sym_1.smb;016;;NO;;;;;;
C9521;8909007163;sht16.cmp4940;c_sym_1.smb;016;;NO;;;;;;
C9522;8909003924;sht16.cmp4935;c_sym_1.smb;016;;YES;;;;;;
C9523;8909003924;sht16.cmp4938;c_sym_1.smb;016;;YES;;;;;;
C9524;8909003924;sht16.cmp4947;c_sym_1.smb;016;;YES;;;;;;
C9525;8909003924;sht16.cmp4942;c_sym_1.smb;016;;YES;;;;;;
C9526;8909007163;sht16.cmp4934;c_sym_1.smb;016;;NO;;;;;;
C9527;8909007163;sht16.cmp4936;c_sym_1.smb;016;;NO;;;;;;
C9550;1267362135;sht16.cmp4971;c_sym_1.smb;016;;NO;;;;;;
C9551;1267370911;sht16.cmp4969;c_sym_1.smb;016;;NO;;;;;;
C9552;1267370682;sht16.cmp4348;c_sym_1.smb;016;;NO;;;;;;
C9553;1267370682;sht16.cmp4579;c_sym_1.smb;016;;NO;;;;;;
C9554;1267370747;sht16.cmp4539;c_sym_1.smb;016;;NO;;;;;;
C9555;1267370771;sht16.cmp4572;c_sym_1.smb;016;;NO;;;;;;
C9570;1267370606;sht16.cmp4872;c_sym_1.smb;016;;NO;;;;;;
C9600;1267370782;sht16.cmp4823;c_sym_1.smb;016;;NO;;;;;;
C9601;1267370640;sht16.cmp4538;c_sym_1.smb;016;;NO;;;;;;
C9602;1267370527;sht16.cmp4405;c_sym_1.smb;016;;NO;;;;;;
C9603;1267370747;sht16.cmp4515;c_sym_1.smb;016;;NO;;;;;;
C9605;1267370907;sht16.cmp4980;c_sym_1.smb;016;;NO;;;;;;
C9607;1267370527;sht16.cmp4526;c_sym_1.smb;016;;NO;;;;;;
C9608;1267370594;sht16.cmp4493;c_sym_1.smb;016;;NO;;;;;;
C9611;1267370666;sht16.cmp4370;c_sym_1.smb;016;;NO;;;;;;
C9612;1267370577;sht16.cmp4350;c_sym_1.smb;016;;NO;;;;;;
C9616;1267370666;sht16.cmp4369;c_sym_1.smb;016;;NO;;;;;;
C9617;1267370577;sht16.cmp4422;c_sym_1.smb;016;;NO;;;;;;
C9621;1267370666;sht16.cmp4438;c_sym_1.smb;016;;NO;;;;;;
C9622;1267370577;sht16.cmp4521;c_sym_1.smb;016;;NO;;;;;;
C9631;1267370640;sht16.cmp4630;c_sym_1.smb;016;;NO;;;;;;
C9632;1267370527;sht16.cmp4484;c_sym_1.smb;016;;NO;;;;;;
C9633;1267370747;sht16.cmp4528;c_sym_1.smb;016;;NO;;;;;;
C9636;1267370907;sht16.cmp4981;c_sym_1.smb;016;;NO;;;;;;
C9637;1267370527;sht16.cmp4597;c_sym_1.smb;016;;NO;;;;;;
C9638;1267370594;sht16.cmp4590;c_sym_1.smb;016;;NO;;;;;;
C9641;1267370666;sht16.cmp4468;c_sym_1.smb;016;;NO;;;;;;
C9642;1267370577;sht16.cmp4354;c_sym_1.smb;016;;NO;;;;;;
C9646;1267370666;sht16.cmp4399;c_sym_1.smb;016;;NO;;;;;;
C9647;1267370577;sht16.cmp4646;c_sym_1.smb;016;;NO;;;;;;
C9651;1267370666;sht16.cmp4540;c_sym_1.smb;016;;NO;;;;;;
C9652;1267370577;sht16.cmp4563;c_sym_1.smb;016;;NO;;;;;;
C9660;1267370606;sht16.cmp4458;c_sym_1.smb;016;;NO;;;;;;
C9680;1267370606;sht16.cmp4349;c_sym_1.smb;016;;NO;;;;;;
C0A01;1267370010;sht4.cmp692;c_sym_1.smb;004;;NO;;;;;;
C0A02;1267370010;sht4.cmp672;c_sym_1.smb;004;;NO;;;;;;
C0A03;1267370010;sht4.cmp681;c_sym_1.smb;004;;NO;;;;;;
C0A04;1267370010;sht5.cmp1281;c_sym_1.smb;005;;NO;;;;;;
C0A08;1267370010;sht4.cmp675;c_sym_1.smb;004;;NO;;;;;;
C0A13;1267370902;sht9.cmp1654;c_sym_1.smb;009;;NO;;;;;;
C0A14;1267370568;sht9.cmp964;c_sym_1.smb;009;;NO;;;;;;
C0A15;1267370902;sht4.cmp906;c_sym_1.smb;004;;NO;;;;;;
C0A16;1267370010;sht2.cmp2736;c_sym_1.smb;002;;NO;;;;;;
C0A17;1267370010;sht2.cmp2723;c_sym_1.smb;002;;NO;;;;;;
C0A18;1267370010;sht2.cmp2722;c_sym_1.smb;002;;NO;;;;;;
C0A19;1267370010;sht2.cmp2750;c_sym_1.smb;002;;NO;;;;;;
C0A20;1267370010;sht4.cmp674;c_sym_1.smb;004;;NO;;;;;;
C0A21;1267370010;sht2.cmp2739;c_sym_1.smb;002;;NO;;;;;;
C0A22;1267370010;sht2.cmp2744;c_sym_1.smb;002;;NO;;;;;;
C0A23;1267370010;sht2.cmp2721;c_sym_1.smb;002;;NO;;;;;;
C0A24;1267370010;sht2.cmp2724;c_sym_1.smb;002;;NO;;;;;;
C0A25;1267370902;sht5.cmp1033;c_sym_1.smb;005;;NO;;;;;;
C0A26;1267370568;sht9.cmp961;c_sym_1.smb;009;;NO;;;;;;
C0A27;1267370902;sht5.cmp1180;c_sym_1.smb;005;;NO;;;;;;
C0A28;1267370902;sht4.cmp901;c_sym_1.smb;004;;NO;;;;;;
C0A34;1267370010;sht2.cmp2731;c_sym_1.smb;002;;NO;;;;;;
C0A35;1267370010;sht12.cmp2215;c_sym_1.smb;012;;NO;;;;;;
C0A37;1267370010;sht2.cmp2730;c_sym_1.smb;002;;NO;;;;;;
C0A38;1267370010;sht5.cmp1464;c_sym_1.smb;005;;NO;;;;;;
C0A41;1267370010;sht2.cmp2748;c_sym_1.smb;002;;NO;;;;;;
C0A42;1267370902;sht9.cmp1701;c_sym_1.smb;009;;NO;;;;;;
C0A44;1267370010;sht14.cmp2310;c_sym_1.smb;014;;NO;;;;;;
C0A45;1267370010;sht2.cmp2726;c_sym_1.smb;002;;NO;;;;;;
C0A46;1267370902;sht9.cmp1684;c_sym_1.smb;009;;NO;;;;;;
C0A48;1267370010;sht14.cmp2336;c_sym_1.smb;014;;NO;;;;;;
C0A49;1267370010;sht2.cmp2371;c_sym_1.smb;002;;NO;;;;;;
C0A50;1267370010;sht2.cmp2470;c_sym_1.smb;002;;NO;;;;;;
C0A51;1267370010;sht13.cmp2209;c_sym_1.smb;013;;NO;;;;;;
C0A52;1267370010;sht13.cmp2298;c_sym_1.smb;013;;NO;;;;;;
C0A53;1267370010;sht2.cmp2368;c_sym_1.smb;002;;NO;;;;;;
C0A54;1267370010;sht2.cmp2373;c_sym_1.smb;002;;NO;;;;;;
C0A55;1267370010;sht13.cmp2250;c_sym_1.smb;013;;NO;;;;;;
C0A56;1267370010;sht13.cmp2308;c_sym_1.smb;013;;NO;;;;;;
C0B01;1267370010;sht4.cmp689;c_sym_1.smb;004;;NO;;;;;;
C0B02;1267370010;sht4.cmp684;c_sym_1.smb;004;;NO;;;;;;
C0B03;1267370010;sht3.cmp1796;c_sym_1.smb;003;;NO;;;;;;
C0B04;1267370577;sht3.cmp1921;c_sym_1.smb;003;;YES;;;;;;
C0B09;1267370010;sht5.cmp1029;c_sym_1.smb;005;;NO;;;;;;
C0B10;1267370010;sht4.cmp685;c_sym_1.smb;004;;NO;;;;;;
C0B11;1267370010;sht4.cmp673;c_sym_1.smb;004;;NO;;;;;;
C0B12;1267370010;sht4.cmp671;c_sym_1.smb;004;;NO;;;;;;
C0B17;1267370010;sht2.cmp2490;c_sym_1.smb;002;;NO;;;;;;
C0B18;1267370568;sht9.cmp963;c_sym_1.smb;009;;NO;;;;;;
C0B19;1267370902;sht9.cmp1512;c_sym_1.smb;009;;NO;;;;;;
C0B20;1267370902;sht5.cmp1032;c_sym_1.smb;005;;NO;;;;;;
C0B22;1267370010;sht2.cmp2521;c_sym_1.smb;002;;NO;;;;;;
C0B23;1267370010;sht2.cmp2534;c_sym_1.smb;002;;NO;;;;;;
C0B24;1267370010;sht2.cmp2486;c_sym_1.smb;002;;NO;;;;;;
C0B25;1267370902;sht5.cmp1142;c_sym_1.smb;005;;NO;;;;;;
C0B27;1267370902;sht5.cmp1065;c_sym_1.smb;005;;NO;;;;;;
C0B28;1267370010;sht2.cmp2513;c_sym_1.smb;002;;NO;;;;;;
C0B31;1267370010;sht9.cmp1501;c_sym_1.smb;009;;NO;;;;;;
C0B33;1267370010;sht2.cmp2507;c_sym_1.smb;002;;NO;;;;;;
C0B37;1267370902;sht5.cmp1069;c_sym_1.smb;005;;NO;;;;;;
C0B44;1267370010;sht14.cmp2281;c_sym_1.smb;014;;NO;;;;;;
C0B46;1267370010;sht11.cmp2883;c_sym_1.smb;011;;NO;;;;;;
C0B48;1267370010;sht14.cmp2333;c_sym_1.smb;014;;NO;;;;;;
C0B51;1267370010;sht14.cmp2400;c_sym_1.smb;014;;NO;;;;;;
C0B52;1267370010;sht14.cmp2435;c_sym_1.smb;014;;NO;;;;;;
C0B54;1267370010;sht11.cmp2858;c_sym_1.smb;011;;NO;;;;;;
C0B55;1267370010;sht14.cmp2388;c_sym_1.smb;014;;NO;;;;;;
C0B56;1267370010;sht14.cmp2414;c_sym_1.smb;014;;NO;;;;;;
C0C01;1267370010;sht4.cmp677;c_sym_1.smb;004;;NO;;;;;;
C0C02;1267370010;sht5.cmp1014;c_sym_1.smb;005;;NO;;;;;;
C0C03;1267370010;sht5.cmp1086;c_sym_1.smb;005;;NO;;;;;;
C0C04;1267370010;sht4.cmp821;c_sym_1.smb;004;;NO;;;;;;
C0C13;1267370902;sht9.cmp1510;c_sym_1.smb;009;;NO;;;;;;
C0C14;1267370902;sht5.cmp1057;c_sym_1.smb;005;;NO;;;;;;
C0C15;1267370902;sht9.cmp1652;c_sym_1.smb;009;;NO;;;;;;
C0C16;1267370902;sht5.cmp1431;c_sym_1.smb;005;;NO;;;;;;
C0C17;1267370010;sht2.cmp2647;c_sym_1.smb;002;;NO;;;;;;
C0C18;1267370010;sht2.cmp2516;c_sym_1.smb;002;;NO;;;;;;
C0C19;1267370010;sht2.cmp2672;c_sym_1.smb;002;;NO;;;;;;
C0C20;1267370010;sht2.cmp2737;c_sym_1.smb;002;;NO;;;;;;
C0C21;1267370010;sht2.cmp2743;c_sym_1.smb;002;;NO;;;;;;
C0C22;1267370010;sht2.cmp2502;c_sym_1.smb;002;;NO;;;;;;
C0C23;1267370010;sht5.cmp1454;c_sym_1.smb;005;;NO;;;;;;
C0C25;1267370010;sht4.cmp676;c_sym_1.smb;004;;NO;;;;;;
C0C26;1267370010;sht5.cmp1027;c_sym_1.smb;005;;NO;;;;;;
C0C27;1267370010;sht4.cmp682;c_sym_1.smb;004;;NO;;;;;;
C0C28;1267370010;sht4.cmp688;c_sym_1.smb;004;;NO;;;;;;
C0C37;1267370010;sht13.cmp2071;c_sym_1.smb;013;;NO;;;;;;
C0C38;1267370010;sht13.cmp1878;c_sym_1.smb;013;;NO;;;;;;
C0C39;1267370010;sht13.cmp1870;c_sym_1.smb;013;;NO;;;;;;
C0C41;1267370010;sht12.cmp2201;c_sym_1.smb;012;;NO;;;;;;
C0C42;1267370010;sht12.cmp2199;c_sym_1.smb;012;;NO;;;;;;
C0C43;1267370010;sht12.cmp2118;c_sym_1.smb;012;;NO;;;;;;
C0C44;1267370010;sht11.cmp2625;c_sym_1.smb;011;;NO;;;;;;
C0C45;1267370010;sht12.cmp2186;c_sym_1.smb;012;;NO;;;;;;
C0C46;1267370010;sht12.cmp2234;c_sym_1.smb;012;;NO;;;;;;
C0C47;1267370010;sht15.cmp3476;c_sym_1.smb;015;;NO;;;;;;
C0C48;1267370010;sht12.cmp1928;c_sym_1.smb;012;;NO;;;;;;
C0C49;1267370010;sht12.cmp2241;c_sym_1.smb;012;;NO;;;;;;
C0C50;1267370010;sht12.cmp2226;c_sym_1.smb;012;;NO;;;;;;
C0C51;1267370010;sht12.cmp2122;c_sym_1.smb;012;;NO;;;;;;
C0C52;1267370010;sht12.cmp2194;c_sym_1.smb;012;;NO;;;;;;
C0C53;1267370010;sht12.cmp2218;c_sym_1.smb;012;;NO;;;;;;
C0C54;1267370010;sht12.cmp2225;c_sym_1.smb;012;;NO;;;;;;
C0C55;1267370010;sht15.cmp3491;c_sym_1.smb;015;;NO;;;;;;
C0C56;1267370010;sht12.cmp2189;c_sym_1.smb;012;;NO;;;;;;
C0D01;1267370010;sht4.cmp686;c_sym_1.smb;004;;NO;;;;;;
C0D02;1267370010;sht5.cmp1012;c_sym_1.smb;005;;NO;;;;;;
C0D03;1267370010;sht4.cmp680;c_sym_1.smb;004;;NO;;;;;;
C0D04;1267370010;sht9.cmp969;c_sym_1.smb;009;;NO;;;;;;
C0D09;1267370010;sht6.cmp739;c_sym_1.smb;006;;NO;;;;;;
C0D10;1267370010;sht6.cmp789;c_sym_1.smb;006;;NO;;;;;;
C0D13;1267370010;sht6.cmp738;c_sym_1.smb;006;;NO;;;;;;
C0D14;1267370010;sht6.cmp740;c_sym_1.smb;006;;NO;;;;;;
C0D15;1267370902;sht5.cmp1269;c_sym_1.smb;005;;NO;;;;;;
C0D16;1267370902;sht5.cmp1321;c_sym_1.smb;005;;NO;;;;;;
C0D17;1267370010;sht2.cmp2662;c_sym_1.smb;002;;NO;;;;;;
C0D18;1267370010;sht2.cmp2663;c_sym_1.smb;002;;NO;;;;;;
C0D19;1267370010;sht2.cmp2674;c_sym_1.smb;002;;NO;;;;;;
C0D20;1267370010;sht2.cmp2675;c_sym_1.smb;002;;NO;;;;;;
C0D21;1267370010;sht2.cmp2670;c_sym_1.smb;002;;NO;;;;;;
C0D22;1267370010;sht2.cmp2677;c_sym_1.smb;002;;NO;;;;;;
C0D23;1267370010;sht2.cmp2654;c_sym_1.smb;002;;NO;;;;;;
C0D24;1267370010;sht2.cmp2658;c_sym_1.smb;002;;NO;;;;;;
C0D25;1267370902;sht5.cmp1058;c_sym_1.smb;005;;NO;;;;;;
C0D26;1267370902;sht4.cmp863;c_sym_1.smb;004;;NO;;;;;;
C0D27;1267370568;sht9.cmp1475;c_sym_1.smb;009;;NO;;;;;;
C0D28;1267370902;sht5.cmp1182;c_sym_1.smb;005;;NO;;;;;;
C0D33;8909003924;sht6.cmp1071;c_sym_1.smb;006;;NO;;;;;;
C0D35;1267370010;sht16.cmp4631;c_sym_1.smb;016;;NO;;;;;;
C0D36;1267370010;sht16.cmp4577;c_sym_1.smb;016;;NO;;;;;;
C0D37;8909003924;sht6.cmp1069;c_sym_1.smb;006;;NO;;;;;;
C0D38;8909003924;sht6.cmp1096;c_sym_1.smb;006;;NO;;;;;;
C0D39;1267370010;sht16.cmp4611;c_sym_1.smb;016;;NO;;;;;;
C0D40;1267370010;sht16.cmp4621;c_sym_1.smb;016;;NO;;;;;;
C0D41;8909003924;sht6.cmp1082;c_sym_1.smb;006;;NO;;;;;;
C0D43;1267370010;sht16.cmp4588;c_sym_1.smb;016;;NO;;;;;;
C0D44;1267370010;sht16.cmp4599;c_sym_1.smb;016;;NO;;;;;;
C0D45;8909003924;sht6.cmp1062;c_sym_1.smb;006;;NO;;;;;;
C0D46;8909003924;sht6.cmp1100;c_sym_1.smb;006;;NO;;;;;;
C0D49;1267370010;sht14.cmp1910;c_sym_1.smb;014;;NO;;;;;;
C0D51;1267370010;sht16.cmp4566;c_sym_1.smb;016;;NO;;;;;;
C0D53;1267370010;sht14.cmp1926;c_sym_1.smb;014;;NO;;;;;;
C0D56;1267370010;sht16.cmp4552;c_sym_1.smb;016;;NO;;;;;;
C0E01;1267370010;sht6.cmp1011;c_sym_1.smb;006;;NO;;;;;;
C0E03;1267370598;sht3.cmp1221;c_sym_1.smb;003;;YES;;;;;;
C0E04;1267370598;sht3.cmp1220;c_sym_1.smb;003;;YES;;;;;;
C0E07;1267370010;sht3.cmp2043;c_sym_1.smb;003;;NO;;;;;;
C0E08;1267370010;sht3.cmp2044;c_sym_1.smb;003;;NO;;;;;;
C0E10;1267370010;sht4.cmp687;c_sym_1.smb;004;;NO;;;;;;
C0E11;1267370010;sht7.cmp1756;c_sym_1.smb;007;;NO;;;;;;
C0E12;1267370010;sht7.cmp1826;c_sym_1.smb;007;;NO;;;;;;
C0E13;1267370010;sht2.cmp2484;c_sym_1.smb;002;;NO;;;;;;
C0E14;1267370010;sht8.cmp1816;c_sym_1.smb;008;;NO;;;;;;
C0E15;1267370010;sht7.cmp1798;c_sym_1.smb;007;;NO;;;;;;
C0E16;1267370010;sht7.cmp1939;c_sym_1.smb;007;;NO;;;;;;
C0E18;1267370010;sht8.cmp1787;c_sym_1.smb;008;;NO;;;;;;
C0E19;1267370010;sht8.cmp1947;c_sym_1.smb;008;;NO;;;;;;
C0E20;1267370010;sht8.cmp1823;c_sym_1.smb;008;;NO;;;;;;
C0E23;1267370010;sht9.cmp978;c_sym_1.smb;009;;NO;;;;;;
C0E24;8909004939;sht9.cmp1566;c_sym_1.smb;009;;NO;;;;;;
C0E26;1267370041;sht9.cmp1140;c_sym_1.smb;009;;NO;;;;;;
C0E27;8909004939;sht9.cmp1571;c_sym_1.smb;009;;NO;;;;;;
C0E30;1267370010;sht4.cmp690;c_sym_1.smb;004;;NO;;;;;;
C0E31;1267370010;sht9.cmp972;c_sym_1.smb;009;;NO;;;;;;
C0E33;1267370010;sht2.cmp2375;c_sym_1.smb;002;;NO;;;;;;
C0E34;1267370010;sht11.cmp2761;c_sym_1.smb;011;;NO;;;;;;
C0E36;1267370010;sht12.cmp2011;c_sym_1.smb;012;;NO;;;;;;
C0E37;1267370010;sht13.cmp1784;c_sym_1.smb;013;;NO;;;;;;
C0E38;1267370010;sht2.cmp2370;c_sym_1.smb;002;;NO;;;;;;
C0E39;1267370010;sht11.cmp2561;c_sym_1.smb;011;;NO;;;;;;
C0E40;1267370010;sht11.cmp2582;c_sym_1.smb;011;;NO;;;;;;
C0E41;1267370010;sht11.cmp2634;c_sym_1.smb;011;;NO;;;;;;
C0E42;1267370010;sht11.cmp2623;c_sym_1.smb;011;;NO;;;;;;
C0E43;1267370010;sht11.cmp2803;c_sym_1.smb;011;;NO;;;;;;
C0E44;1267370010;sht14.cmp1920;c_sym_1.smb;014;;NO;;;;;;
C0E45;1267370010;sht11.cmp2602;c_sym_1.smb;011;;NO;;;;;;
C0E46;1267370010;sht12.cmp1982;c_sym_1.smb;012;;NO;;;;;;
C0E47;1267370010;sht15.cmp3532;c_sym_1.smb;015;;NO;;;;;;
C0E48;1267370010;sht14.cmp1911;c_sym_1.smb;014;;NO;;;;;;
C0E49;1267370010;sht11.cmp2843;c_sym_1.smb;011;;NO;;;;;;
C0E50;1267370010;sht11.cmp2838;c_sym_1.smb;011;;NO;;;;;;
C0E51;1267370010;sht15.cmp3239;c_sym_1.smb;015;;NO;;;;;;
C0E52;1267370010;sht13.cmp1798;c_sym_1.smb;013;;NO;;;;;;
C0E53;1267370010;sht11.cmp2615;c_sym_1.smb;011;;NO;;;;;;
C0E54;1267370010;sht11.cmp2797;c_sym_1.smb;011;;NO;;;;;;
C0E55;1267370010;sht15.cmp3305;c_sym_1.smb;015;;NO;;;;;;
C0E56;1267370010;sht13.cmp1912;c_sym_1.smb;013;;NO;;;;;;
C0F01;1267362133;sht1.cmp5170;c_sym_1.smb;001;;NO;;;;;;
C0F07;1267362133;sht1.cmp3537;c_sym_1.smb;001;;NO;;;;;;
C0F09;1267362133;sht1.cmp5197;c_sym_1.smb;001;;NO;;;;;;
C0F10;1267370577;sht3.cmp1652;c_sym_1.smb;003;;YES;;;;;;
C0F11;8905502192;sht3.cmp1136;var_sym_1.smb;003;;YES;;;;;;
C0F13;8905502192;sht3.cmp1135;var_sym_1.smb;003;;YES;;;;;;
C0F15;1267362133;sht1.cmp5198;c_sym_1.smb;001;;NO;;;;;;
C0F16;1267370010;sht3.cmp1743;c_sym_1.smb;003;;NO;;;;;;
C0F27;1267370010;sht2.cmp2751;c_sym_1.smb;002;;NO;;;;;;
C0F28;1267370010;sht2.cmp2472;c_sym_1.smb;002;;NO;;;;;;
C0F29;1267370010;sht4.cmp678;c_sym_1.smb;004;;NO;;;;;;
C0F30;1267370010;sht9.cmp1206;c_sym_1.smb;009;;NO;;;;;;
C0F31;1267370902;sht9.cmp981;c_sym_1.smb;009;;NO;;;;;;
C0F32;1267370010;sht2.cmp2666;c_sym_1.smb;002;;NO;;;;;;
C0F33;1267370010;sht4.cmp762;c_sym_1.smb;004;;NO;;;;;;
C0F34;1267370902;sht9.cmp1021;c_sym_1.smb;009;;NO;;;;;;
C0F35;1267370010;sht2.cmp2541;c_sym_1.smb;002;;NO;;;;;;
C0F36;1267370010;sht2.cmp2523;c_sym_1.smb;002;;NO;;;;;;
C0F37;1267370010;sht2.cmp2476;c_sym_1.smb;002;;NO;;;;;;
C0F38;1267370010;sht4.cmp761;c_sym_1.smb;004;;NO;;;;;;
C0F39;1267370902;sht9.cmp1340;c_sym_1.smb;009;;NO;;;;;;
C0F40;8909004937;sht9.cmp1020;c_sym_1.smb;009;;NO;;;;;;
C0F41;1267370902;sht5.cmp1018;c_sym_1.smb;005;;NO;;;;;;
C0F42;1267370010;sht5.cmp1024;c_sym_1.smb;005;;NO;;;;;;
C0F43;1267370010;sht4.cmp1032;c_sym_1.smb;004;;NO;;;;;;
C0F44;1267370902;sht9.cmp1333;c_sym_1.smb;009;;NO;;;;;;
C0F45;1267370010;sht9.cmp974;c_sym_1.smb;009;;NO;;;;;;
C0F51;1267362133;sht1.cmp4772;c_sym_1.smb;001;;NO;;;;;;
C0F52;1267370008;sht9.cmp1767;c_sym_1.smb;009;;NO;;;;;;
C0F53;1267370010;sht13.cmp1831;c_sym_1.smb;013;;NO;;;;;;
C0F54;1267370010;sht11.cmp2861;c_sym_1.smb;011;;NO;;;;;;
C0F55;1267370010;sht11.cmp2863;c_sym_1.smb;011;;NO;;;;;;
C1720A;1267370670;sht6.cmp947;c_sym_1.smb;006;;NO;;;;;;
C1725A;1267370670;sht6.cmp948;c_sym_1.smb;006;;NO;;;;;;
C3022A;1267362205;sht1.cmp5184;c_sym_1.smb;001;;NO;;;;;;
C3022B;1267362205;sht1.cmp5185;c_sym_1.smb;001;;NO;;;;;;
C3022C;1267362205;sht1.cmp5187;c_sym_1.smb;001;;NO;;;;;;
C3022D;1267362205;sht1.cmp5188;c_sym_1.smb;001;;NO;;;;;;
C3022E;1267362205;sht1.cmp5191;c_sym_1.smb;001;;YES;;;;;;
C3597B;1267373112;sht1.cmp4595;elko_sym_1.smb;001;;NO;;;;;;
D1100;1267375400;sht7.cmp1885;doppel_suppressor_bidirekt_sdsym_1.smb;007;;YES;;;;;;
D1101;1267375400;sht7.cmp1889;doppel_suppressor_bidirekt_sdsym_1.smb;007;;YES;;;;;;
D1102;1267375122;sht7.cmp2028;bas40w_sym_1.smb;007;;YES;;;;;;
D1150;1267375400;sht8.cmp1894;doppel_suppressor_bidirekt_sdsym_1.smb;008;;YES;;;;;;
D1151;1267375400;sht8.cmp1899;doppel_suppressor_bidirekt_sdsym_1.smb;008;;YES;;;;;;
D1720;1267375400;sht6.cmp1143;doppel_suppressor_bidirekt_sdsym_1.smb;006;;YES;;;;;;
D2134;1267375400;sht9.cmp1610;doppel_suppressor_bidirekt_sdsym_1.smb;009;;YES;;;;;;
D2150;1267375400;sht9.cmp1609;doppel_suppressor_bidirekt_sdsym_1.smb;009;;NO;;;;;;
D3000;1267375127;sht1.cmp5119;schottky_sym_1.smb;001;;NO;;;;;;
D3011;1267375304;sht1.cmp5120;schottky_sym_1.smb;001;;NO;;;;;;
D3012;1267375404;sht1.cmp5121;suppressor_sym_1.smb;001;;NO;;;;;;
D3020;1267375127;sht1.cmp5122;schottky_sym_1.smb;001;;NO;;;;;;
D3022;1267375139;sht1.cmp5077;master_doppeldiode4_sym_1.smb;001;;NO;;;;;;
D3023;1267375139;sht1.cmp5076;master_doppeldiode4_sym_1.smb;001;;NO;;;;;;
D3024;1267375140;sht1.cmp5075;master_doppeldiode1_sym_2.smb;001;;NO;;;;;;
D3161;1267375140;sht2.cmp2381;master_doppeldiode1_sym_1.smb;002;;NO;;;;;;
D3162;1267375140;sht2.cmp2384;master_doppeldiode1_sym_1.smb;002;;NO;;;;;;
D3163;1267375140;sht2.cmp2380;master_doppeldiode1_sym_1.smb;002;;NO;;;;;;
D3170;1267375400;sht3.cmp2037;doppel_suppressor_bidirekt_sdsym_1.smb;003;;YES;;;;;;
D3508;1267375118;sht2.cmp2719;master_diode_sym_1.smb;002;;YES;;;;;;
D3591;1267375092;sht4.cmp1105;master_doppeldiode6_sym_1.smb;004;;NO;;;;;;
D4550;1267375400;sht3.cmp1946;doppel_suppressor_bidirekt_sdsym_1.smb;003;;YES;;;;;;
D4560;1267375092;sht3.cmp1912;master_doppeldiode6_sym_1.smb;003;;NO;;;;;;
D4570;1267375092;sht3.cmp1654;master_doppeldiode6_sym_1.smb;003;;NO;;;;;;
D4740;1267375400;sht3.cmp1874;doppel_suppressor_bidirekt_sdsym_1.smb;003;;YES;;;;;;
D5120;1267375300;sht10.cmp3273/sht2.cmp3531;schottky_sym_1.smb;010;;NO;;;;;;
D6002;1267375143;sht11.cmp2567;master_diode_sym_1.smb;011;;NO;;;;;;
D6003;1267375072;sht11.cmp2704;master_diode_sym_1.smb;011;;NO;;;;;;
D6004;1267375143;sht11.cmp2550;master_diode_sym_1.smb;011;;NO;;;;;;
D6006;1267375143;sht11.cmp2885;master_diode_sym_1.smb;011;;NO;;;;;;
D6007;1267375143;sht11.cmp2804;master_diode_sym_1.smb;011;;NO;;;;;;
D6008;1267375155;sht11.cmp2837;master_diode_sym_1.smb;011;;NO;;;;;;
D6009;1267375143;sht11.cmp2706;master_diode_sym_1.smb;011;;NO;;;;;;
D6010;1267375155;sht11.cmp2857;master_diode_sym_1.smb;011;;NO;;;;;;
D6012;1267375155;sht11.cmp2845;master_diode_sym_1.smb;011;;NO;;;;;;
D6052;1267375072;sht12.cmp2103;master_diode_sym_1.smb;012;;NO;;;;;;
D6053;1267375143;sht12.cmp2123;master_diode_sym_1.smb;012;;NO;;;;;;
D6055;1267375143;sht12.cmp2188;master_diode_sym_1.smb;012;;NO;;;;;;
D6056;1267375143;sht12.cmp2236;master_diode_sym_1.smb;012;;NO;;;;;;
D6057;1267375143;sht12.cmp2193;master_diode_sym_1.smb;012;;NO;;;;;;
D6060;1267375155;sht12.cmp2242;master_diode_sym_1.smb;012;;NO;;;;;;
D6061;1267375143;sht12.cmp2191;master_diode_sym_1.smb;012;;NO;;;;;;
D6062;1267375143;sht12.cmp2227;master_diode_sym_1.smb;012;;NO;;;;;;
D6063;1267375143;sht12.cmp2202;master_diode_sym_1.smb;012;;NO;;;;;;
D6064;1267375143;sht12.cmp2217;master_diode_sym_1.smb;012;;NO;;;;;;
D6066;1267375118;sht2.cmp2691;master_diode_sym_1.smb;002;;NO;;;;;;
D6701;1267375143;sht13.cmp2062;master_diode_sym_1.smb;013;;NO;;;;;;
D6702;1267375143;sht13.cmp2063;master_diode_sym_1.smb;013;;NO;;;;;;
D6705;1267375118;sht13.cmp1741;master_diode_sym_1.smb;013;;NO;;;;;;
D6706;1267375118;sht13.cmp1919;master_diode_sym_1.smb;013;;NO;;;;;;
D6707;1267375118;sht13.cmp1723;master_diode_sym_1.smb;013;;NO;;;;;;
D6961;1267375410;sht15.cmp3257;suppressor_sym_1.smb;015;;NO;;;;;;
D6982;1267375406;sht15.cmp3267;suppressor_sym_1.smb;015;;NO;;;;;;
D6983;1267375406;sht15.cmp3302;suppressor_sym_1.smb;015;;NO;;;;;;
D6984;1267375406;sht15.cmp3279;suppressor_sym_1.smb;015;;NO;;;;;;
D8180;1267375143;sht15.cmp3468;master_diode_sym_1.smb;015;;NO;;;;;;
D8430;1267375264;sht9.cmp1582;mmbz33va_sym_1.smb;009;;NO;;;;;;
D9500;1267375137;sht16.cmp4924;master_doppeldiode1_sym_1.smb;016;;NO;;;;;;
D9600;1267375137;sht16.cmp4600;master_doppeldiode1_sym_1.smb;016;;NO;;;;;;
D9610;1267375143;sht16.cmp4615;master_diode_sym_1.smb;016;;NO;;;;;;
D9615;1267375143;sht16.cmp4402;master_diode_sym_1.smb;016;;NO;;;;;;
D9620;1267375143;sht16.cmp4502;master_diode_sym_1.smb;016;;NO;;;;;;
D9630;1267375137;sht16.cmp4612;master_doppeldiode1_sym_1.smb;016;;NO;;;;;;
D9640;1267375143;sht16.cmp4428;master_diode_sym_1.smb;016;;NO;;;;;;
D9645;1267375143;sht16.cmp4520;master_diode_sym_1.smb;016;;NO;;;;;;
D9650;1267375143;sht16.cmp4351;master_diode_sym_1.smb;016;;NO;;;;;;
DN4590;1267375093;sht3.cmp2039;baw56w_sym_1.smb;003;;YES;;;;;;
L1100;8908018026;sht7.cmp1702;l_sym_1.smb;007;;YES;;;;;;
L1101;8908018026;sht7.cmp1888;l_sym_1.smb;007;;YES;;;;;;
L1102;8908018026;sht7.cmp1897;l_sym_1.smb;007;;YES;;;;;;
L1103;8908018026;sht7.cmp1875;l_sym_1.smb;007;;YES;;;;;;
L1150;8908018026;sht8.cmp1838;l_sym_1.smb;008;;YES;;;;;;
L1151;8908018026;sht8.cmp1697;l_sym_1.smb;008;;YES;;;;;;
L1152;8908018026;sht8.cmp1856;l_sym_1.smb;008;;YES;;;;;;
L1153;8908018026;sht8.cmp1705;l_sym_1.smb;008;;YES;;;;;;
L3000;8909007119;sht1.cmp5124;drossel_pol_sdsym_1.smb;001;;NO;;;;;;
L3001;8909008195;sht1.cmp5134;l_sym_1.smb;001;;YES;;;;;;
L3011;8909007119;sht1.cmp5147;drossel_pol_sdsym_1.smb;001;;NO;;;;;;
L3012;8909008195;sht1.cmp5146;l_sym_1.smb;001;;YES;;;;;;
L3020;8909007119;sht1.cmp5125;drossel_pol_sdsym_1.smb;001;;NO;;;;;;
L3021;8909008195;sht1.cmp5137;l_sym_1.smb;001;;YES;;;;;;
L3170;1267369112;sht3.cmp2038;b82789_sdsym_1.smb;003;;NO;;;;;;
L3605;8905506412;sht1.cmp5230;l_pol_sdsym_1.smb;001;;NO;;;;;;
L4550;1267369112;sht3.cmp1952;b82789_sdsym_1.smb;003;;YES;;;;;;
L4740;1267369133;sht3.cmp1202;b82789_sdsym_1.smb;003;;NO;;;;;;
L5120;1267369160;sht10.cmp3273/sht2.cmp3530;drossel_sdsym_1.smb;010;;NO;;;;;;
L9500;8909003753;sht16.cmp4937;drossel_ehr16lp_sdsym_1.smb;016;;NO;;;;;;
Q5000;1267369255;sht10.cmp3273/sht1.cmp3387;q_sym_1.smb;010;;NO;;;;;;
R1101;1267368015;sht7.cmp1905;r_sym_1.smb;007;;YES;;;;;;
R1102;1267360844;sht7.cmp1733;r_sym_1.smb;007;;YES;;;;;;
R1106;1267360825;sht7.cmp1717;r_sym_1.smb;007;;YES;;;;;;
R1107;1267362128;sht7.cmp1741;r_sym_1.smb;007;;YES;;;;;;
R1108;1267362128;sht7.cmp1696;r_sym_1.smb;007;;YES;;;;;;
R1109;1267360040;sht7.cmp2034;r_sym_1.smb;007;;YES;;;;;;
R1112;1267360864;sht7.cmp2035;r_sym_1.smb;007;;YES;;;;;;
R1114;1267368015;sht7.cmp1699;r_sym_1.smb;007;;YES;;;;;;
R1116;1267361535;sht7.cmp1986;r_sym_1.smb;007;;YES;;;;;;
R1118;1267361535;sht7.cmp2036;r_sym_1.smb;007;;YES;;;;;;
R1151;1267368015;sht8.cmp1707;r_sym_1.smb;008;;YES;;;;;;
R1152;1267360844;sht8.cmp1752;r_sym_1.smb;008;;YES;;;;;;
R1156;1267360825;sht8.cmp1704;r_sym_1.smb;008;;YES;;;;;;
R1157;1267362128;sht8.cmp1726;r_sym_1.smb;008;;YES;;;;;;
R1158;1267362128;sht8.cmp1907;r_sym_1.smb;008;;YES;;;;;;
R1164;1267368015;sht8.cmp1882;r_sym_1.smb;008;;YES;;;;;;
R1168;1267361535;sht8.cmp1986;r_sym_1.smb;008;;YES;;;;;;
R1400;1267362130;sht4.cmp459;r_sym_1.smb;004;;NO;;;;;;
R1405;1267362130;sht4.cmp517;r_sym_1.smb;004;;NO;;;;;;
R1410;1267362130;sht4.cmp386;r_sym_1.smb;004;;NO;;;;;;
R1415;1267362130;sht4.cmp818;r_sym_1.smb;004;;NO;;;;;;
R1420;1267362130;sht4.cmp1026;r_sym_1.smb;004;;YES;;;;;;
R1425;1267362130;sht4.cmp313;r_sym_1.smb;004;;NO;;;;;;
R1430;1267362130;sht4.cmp492;r_sym_1.smb;004;;NO;;;;;;
R1435;1267362130;sht4.cmp534;r_sym_1.smb;004;;NO;;;;;;
R1440;1267362130;sht4.cmp336;r_sym_1.smb;004;;NO;;;;;;
R1445;1267362130;sht4.cmp539;r_sym_1.smb;004;;NO;;;;;;
R1450;1267362130;sht4.cmp329;r_sym_1.smb;004;;NO;;;;;;
R1451;1267360844;sht4.cmp716;r_sym_1.smb;004;;NO;;;;;;
R1455;1267362130;sht4.cmp393;r_sym_1.smb;004;;NO;;;;;;
R1456;1267360844;sht4.cmp719;r_sym_1.smb;004;;NO;;;;;;
R1460;1267362130;sht4.cmp431;r_sym_1.smb;004;;NO;;;;;;
R1461;1267360844;sht4.cmp718;r_sym_1.smb;004;;NO;;;;;;
R1465;1267362130;sht4.cmp558;r_sym_1.smb;004;;NO;;;;;;
R1466;1267360844;sht4.cmp717;r_sym_1.smb;004;;NO;;;;;;
R1470;1267362130;sht4.cmp465;r_sym_1.smb;004;;NO;;;;;;
R1471;1267360844;sht4.cmp720;r_sym_1.smb;004;;NO;;;;;;
R1475;1267362125;sht4.cmp715;r_sym_1.smb;004;;NO;;;;;;
R1476;1267362124;sht4.cmp377;r_sym_1.smb;004;;NO;;;;;;
R1480;1267362130;sht4.cmp596;r_sym_1.smb;004;;NO;;;;;;
R1482;1267362193;sht4.cmp594;r_sym_1.smb;004;;NO;;;;;;
R1485;1267362130;sht4.cmp330;r_sym_1.smb;004;;NO;;;;;;
R1487;1267362193;sht4.cmp985;r_sym_1.smb;004;;NO;;;;;;
R1490;1267362130;sht4.cmp312;r_sym_1.smb;004;;NO;;;;;;
R1491;1267362198;sht4.cmp433;r_sym_1.smb;004;;NO;;;;;;
R1492;1267362128;sht4.cmp418;r_sym_1.smb;004;;YES;;;;;;
R1495;1267362130;sht4.cmp443;r_sym_1.smb;004;;NO;;;;;;
R1496;1267368016;sht4.cmp1021;r_sym_1.smb;004;;YES;;;;;;
R1497;1267362193;sht4.cmp1019;r_sym_1.smb;004;;NO;;;;;;
R1498;1267360858;sht4.cmp842;r_sym_1.smb;004;;YES;;;;;;
R1500;1267362130;sht4.cmp632;r_sym_1.smb;004;;YES;;;;;;
R1502;1267362193;sht4.cmp726;r_sym_1.smb;004;;YES;;;;;;
R1503;1267360631;sht4.cmp1024;r_sym_1.smb;004;;YES;;;;;;
R1505;1267362129;sht4.cmp646;r_sym_1.smb;004;;YES;;;;;;
R1507;1267362193;sht4.cmp727;r_sym_1.smb;004;;YES;;;;;;
R1510;1267362130;sht5.cmp412;r_sym_1.smb;005;;NO;;;;;;
R1511;1267360844;sht5.cmp1102;r_sym_1.smb;005;;NO;;;;;;
R1515;1267362125;sht5.cmp1463;r_sym_1.smb;005;;NO;;;;;;
R1516;1267362198;sht5.cmp1460;r_sym_1.smb;005;;YES;;;;;;
R1517;1267368011;sht5.cmp1434;r_sym_1.smb;005;;YES;;;;;;
R1518;1267362129;sht5.cmp1461;r_sym_1.smb;005;;NO;;;;;;
R1520;1267362130;sht5.cmp351;r_sym_1.smb;005;;NO;;;;;;
R1521;1267362125;sht5.cmp345;r_sym_1.smb;005;;YES;;;;;;
R1522;1267368016;sht5.cmp1213;r_sym_1.smb;005;;NO;;;;;;
R1525;1267362125;sht5.cmp1160;r_sym_1.smb;005;;NO;;;;;;
R1526;1267360855;sht5.cmp1158;r_sym_1.smb;005;;NO;;;;;;
R1527;1267368016;sht5.cmp1106;r_sym_1.smb;005;;YES;;;;;;
R1529;1267368016;sht5.cmp1108;r_sym_1.smb;005;;YES;;;;;;
R1530;1267362130;sht5.cmp690;r_sym_1.smb;005;;YES;;;;;;
R1531;1267360852;sht5.cmp1162;r_sym_1.smb;005;;YES;;;;;;
R1532;1267368016;sht5.cmp1112;r_sym_1.smb;005;;YES;;;;;;
R1534;1267368016;sht5.cmp1113;r_sym_1.smb;005;;YES;;;;;;
R1535;1267362125;sht5.cmp715;r_sym_1.smb;005;;NO;;;;;;
R1536;1267360855;sht5.cmp1326;r_sym_1.smb;005;;NO;;;;;;
R1537;1267362708;sht5.cmp1226;r_sym_1.smb;005;;YES;;;;;;
R1540;1267362130;sht5.cmp1284;r_sym_1.smb;005;;NO;;;;;;
R1541;1267360844;sht5.cmp1288;r_sym_1.smb;005;;NO;;;;;;
R1542;1267368011;sht5.cmp1389;r_sym_1.smb;005;;YES;;;;;;
R1544;1267368016;sht5.cmp1283;r_sym_1.smb;005;;YES;;;;;;
R1545;1267362130;sht5.cmp741;r_sym_1.smb;005;;NO;;;;;;
R1546;1267368016;sht5.cmp1114;r_sym_1.smb;005;;YES;;;;;;
R1547;1267368011;sht5.cmp1164;r_sym_1.smb;005;;NO;;;;;;
R1550;1267362130;sht5.cmp1451;r_sym_1.smb;005;;NO;;;;;;
R1551;1267360844;sht5.cmp1449;r_sym_1.smb;005;;NO;;;;;;
R1593;1267361537;sht6.cmp450;r_sym_1.smb;006;;NO;;;;;;
R1598;1267361545;sht6.cmp370;r_sym_1.smb;006;;NO;;;;;;
R1703;1267368103;sht6.cmp1188;r_sym_1.smb;006;;NO;;;;;;
R1708;1267362740;sht6.cmp1189;r_sym_1.smb;006;;NO;;;;;;
R1713;1267362128;sht6.cmp1187;r_sym_1.smb;006;;NO;;;;;;
R1714;1267362129;sht6.cmp1126;r_sym_1.smb;006;;YES;;;;;;
R1716;1267361535;sht6.cmp1122;r_sym_1.smb;006;;NO;;;;;;
R1718;1267361535;sht6.cmp1113;r_sym_1.smb;006;;NO;;;;;;
R1721;1267362124;sht6.cmp416;r_sym_1.smb;006;;NO;;;;;;
R1726;1267362124;sht6.cmp358;r_sym_1.smb;006;;NO;;;;;;
R1975;1267362130;sht6.cmp1009;r_sym_1.smb;006;;NO;;;;;;
R1977;1267368013;sht6.cmp1183;r_sym_1.smb;006;;YES;;;;;;
R1978;1267368016;sht6.cmp1185;r_sym_1.smb;006;;YES;;;;;;
R2080;1267362129;sht4.cmp513;r_sym_1.smb;004;;NO;;;;;;
R2081;1267368104;sht4.cmp406;r_sym_1.smb;004;;NO;;;;;;
R2083;1267361535;sht4.cmp305;r_sym_1.smb;004;;NO;;;;;;
R2100;1267362129;sht9.cmp423;r_sym_1.smb;009;;NO;;;;;;
R2101;1267360852;sht9.cmp1150;r_sym_1.smb;009;;YES;;;;;;
R2102;1267360852;sht9.cmp1269;r_sym_1.smb;009;;NO;;;;;;
R2110;1267362130;sht9.cmp1567;r_sym_1.smb;009;;NO;;;;;;
R2111;1267368017;sht9.cmp1488;r_sym_1.smb;009;;NO;;;;;;
R2120;1267362130;sht9.cmp1480;r_sym_1.smb;009;;NO;;;;;;
R2123;1267361539;sht9.cmp1469;r_sym_1.smb;009;;YES;;;;;;
R2129;1267368017;sht9.cmp1487;r_sym_1.smb;009;;NO;;;;;;
R2130;1267362131;sht9.cmp460;r_sym_1.smb;009;;NO;;;;;;
R2131;1267368013;sht9.cmp1162;r_sym_1.smb;009;;NO;;;;;;
R2134;1267368002;sht9.cmp1248;r_sym_1.smb;009;;NO;;;;;;
R2136;1267360855;sht9.cmp1141;r_sym_1.smb;009;;NO;;;;;;
R2140;1267362129;sht9.cmp285;r_sym_1.smb;009;;NO;;;;;;
R2145;1267368010;sht9.cmp1190;r_sym_1.smb;009;;NO;;;;;;
R2147;1267368007;sht9.cmp1144;r_sym_1.smb;009;;NO;;;;;;
R2150;1267362129;sht9.cmp301;r_sym_1.smb;009;;NO;;;;;;
R2152;1267360859;sht9.cmp1148;r_sym_1.smb;009;;NO;;;;;;
R2155;1267362130;sht9.cmp439;r_sym_1.smb;009;;NO;;;;;;
R2156;1267368017;sht9.cmp1747;r_sym_1.smb;009;;NO;;;;;;
R2157;1267360855;sht9.cmp1157;r_sym_1.smb;009;;YES;;;;;;
R2160;1267362130;sht9.cmp566;r_sym_1.smb;009;;NO;;;;;;
R2161;1267368017;sht9.cmp1748;r_sym_1.smb;009;;NO;;;;;;
R2162;1267360855;sht9.cmp1158;r_sym_1.smb;009;;YES;;;;;;
R2165;1267368106;sht9.cmp1236;r_sym_1.smb;009;;NO;;;;;;
R2166;1267360856;sht9.cmp1159;r_sym_1.smb;009;;NO;;;;;;
R2170;1267362131;sht5.cmp1429;r_sym_1.smb;005;;NO;;;;;;
R2171;1267360856;sht5.cmp1373;r_sym_1.smb;005;;YES;;;;;;
R2172;1267362193;sht5.cmp1438;r_sym_1.smb;005;;YES;;;;;;
R2173;1267368013;sht5.cmp1425;r_sym_1.smb;005;;NO;;;;;;
R2174;1267368002;sht5.cmp1426;r_sym_1.smb;005;;NO;;;;;;
R2175;1267362130;sht9.cmp402;r_sym_1.smb;009;;NO;;;;;;
R2176;1267360855;sht9.cmp1163;r_sym_1.smb;009;;NO;;;;;;
R2180;1267362129;sht9.cmp1375;r_sym_1.smb;009;;NO;;;;;;
R2181;1267360859;sht9.cmp1168;r_sym_1.smb;009;;YES;;;;;;
R2182;1267360859;sht9.cmp1568;r_sym_1.smb;009;;NO;;;;;;
R2183;1267360899;sht9.cmp1221;r_sym_1.smb;009;;YES;;;;;;
R2184;1267360859;sht9.cmp1569;r_sym_1.smb;009;;NO;;;;;;
R2185;1267362129;sht9.cmp1208;r_sym_1.smb;009;;NO;;;;;;
R2186;1267360899;sht9.cmp1270;r_sym_1.smb;009;;YES;;;;;;
R2187;1267360855;sht9.cmp1212;r_sym_1.smb;009;;YES;;;;;;
R2190;1267362125;sht9.cmp1088;r_sym_1.smb;009;;NO;;;;;;
R2191;1267360844;sht9.cmp1213;r_sym_1.smb;009;;NO;;;;;;
R2195;1267368106;sht9.cmp1755;r_sym_1.smb;009;;NO;;;;;;
R2196;1267368106;sht9.cmp1751;r_sym_1.smb;009;;YES;;;;;;
R2197;1267362130;sht9.cmp1756;r_sym_1.smb;009;;NO;;;;;;
R2198;1267368021;sht9.cmp1154;r_sym_1.smb;009;;NO;;;;;;
R2199;1267368021;sht9.cmp1155;r_sym_1.smb;009;;NO;;;;;;
R2200;1267362131;sht9.cmp1740;r_sym_1.smb;009;;NO;;;;;;
R2201;1267368013;sht9.cmp1738;r_sym_1.smb;009;;NO;;;;;;
R2202;1267360852;sht9.cmp1493;r_sym_1.smb;009;;YES;;;;;;
R2203;1267368002;sht9.cmp1739;r_sym_1.smb;009;;NO;;;;;;
R2204;1267360899;sht9.cmp1572;r_sym_1.smb;009;;YES;;;;;;
R2210;1267362131;sht9.cmp1744;r_sym_1.smb;009;;NO;;;;;;
R2211;1267360899;sht9.cmp1515;r_sym_1.smb;009;;YES;;;;;;
R2212;1267360855;sht9.cmp1517;r_sym_1.smb;009;;YES;;;;;;
R2215;1267368002;sht9.cmp1743;r_sym_1.smb;009;;NO;;;;;;
R2216;1267368013;sht9.cmp1745;r_sym_1.smb;009;;NO;;;;;;
R2220;1267362131;sht9.cmp1226;r_sym_1.smb;009;;NO;;;;;;
R2225;1267368002;sht9.cmp1186;r_sym_1.smb;009;;NO;;;;;;
R2226;1267368013;sht9.cmp1178;r_sym_1.smb;009;;NO;;;;;;
R2230;1267362131;sht9.cmp1319;r_sym_1.smb;009;;NO;;;;;;
R2235;1267368002;sht9.cmp1336;r_sym_1.smb;009;;NO;;;;;;
R2236;1267368013;sht9.cmp1330;r_sym_1.smb;009;;NO;;;;;;
R2240;1267362131;sht9.cmp1321;r_sym_1.smb;009;;NO;;;;;;
R2245;1267368002;sht9.cmp1331;r_sym_1.smb;009;;NO;;;;;;
R2246;1267368013;sht9.cmp1337;r_sym_1.smb;009;;NO;;;;;;
R2250;1267362131;sht9.cmp1651;r_sym_1.smb;009;;NO;;;;;;
R2255;1267368002;sht9.cmp1639;r_sym_1.smb;009;;NO;;;;;;
R2256;1267368013;sht9.cmp1636;r_sym_1.smb;009;;NO;;;;;;
R2260;1267362131;sht9.cmp1660;r_sym_1.smb;009;;NO;;;;;;
R2265;1267368002;sht9.cmp1638;r_sym_1.smb;009;;NO;;;;;;
R2266;1267368013;sht9.cmp1666;r_sym_1.smb;009;;NO;;;;;;
R2270;1267362131;sht9.cmp1700;r_sym_1.smb;009;;NO;;;;;;
R2274;1267360855;sht9.cmp1762;r_sym_1.smb;009;;YES;;;;;;
R2275;1267368002;sht9.cmp1704;r_sym_1.smb;009;;NO;;;;;;
R2276;1267368013;sht9.cmp1694;r_sym_1.smb;009;;NO;;;;;;
R2280;1267362131;sht9.cmp1679;r_sym_1.smb;009;;NO;;;;;;
R2284;1267360855;sht9.cmp1761;r_sym_1.smb;009;;YES;;;;;;
R2285;1267368002;sht9.cmp1698;r_sym_1.smb;009;;NO;;;;;;
R2286;1267368013;sht9.cmp1706;r_sym_1.smb;009;;NO;;;;;;
R2495;1267362131;sht4.cmp879;r_sym_1.smb;004;;NO;;;;;;
R2500;1267368002;sht4.cmp875;r_sym_1.smb;004;;NO;;;;;;
R2501;1267368013;sht4.cmp868;r_sym_1.smb;004;;NO;;;;;;
R2505;1267362131;sht4.cmp888;r_sym_1.smb;004;;NO;;;;;;
R2507;1267362193;sht4.cmp896;r_sym_1.smb;004;;YES;;;;;;
R2510;1267368002;sht4.cmp902;r_sym_1.smb;004;;NO;;;;;;
R2511;1267368013;sht4.cmp895;r_sym_1.smb;004;;NO;;;;;;
R2515;1267362131;sht4.cmp907;r_sym_1.smb;004;;NO;;;;;;
R2520;1267368002;sht4.cmp911;r_sym_1.smb;004;;NO;;;;;;
R2521;1267368013;sht4.cmp912;r_sym_1.smb;004;;NO;;;;;;
R2525;1267368002;sht5.cmp1386;r_sym_1.smb;005;;NO;;;;;;
R2527;1267362193;sht5.cmp1337;r_sym_1.smb;005;;YES;;;;;;
R2530;1267362131;sht5.cmp1387;r_sym_1.smb;005;;NO;;;;;;
R2531;1267368013;sht5.cmp1382;r_sym_1.smb;005;;NO;;;;;;
R2540;1267362131;sht5.cmp824;r_sym_1.smb;005;;NO;;;;;;
R2541;1267362193;sht5.cmp814;r_sym_1.smb;005;;YES;;;;;;
R2542;1267362193;sht5.cmp1329;r_sym_1.smb;005;;YES;;;;;;
R2545;1267368002;sht5.cmp1130;r_sym_1.smb;005;;NO;;;;;;
R2546;1267368013;sht5.cmp1167;r_sym_1.smb;005;;NO;;;;;;
R2550;1267362131;sht5.cmp1184;r_sym_1.smb;005;;NO;;;;;;
R2552;1267362193;sht5.cmp961;r_sym_1.smb;005;;YES;;;;;;
R2555;1267368002;sht5.cmp1183;r_sym_1.smb;005;;NO;;;;;;
R2556;1267368013;sht5.cmp1165;r_sym_1.smb;005;;NO;;;;;;
R2560;1267362131;sht5.cmp1178;r_sym_1.smb;005;;NO;;;;;;
R2562;1267362193;sht5.cmp856;r_sym_1.smb;005;;YES;;;;;;
R2565;1267368002;sht5.cmp1177;r_sym_1.smb;005;;NO;;;;;;
R2566;1267368013;sht5.cmp1166;r_sym_1.smb;005;;NO;;;;;;
R2570;1267362131;sht5.cmp876;r_sym_1.smb;005;;NO;;;;;;
R2571;1267368016;sht5.cmp1134;r_sym_1.smb;005;;YES;;;;;;
R2572;1267362193;sht5.cmp1437;r_sym_1.smb;005;;YES;;;;;;
R2575;1267368002;sht5.cmp1202;r_sym_1.smb;005;;NO;;;;;;
R2576;1267368013;sht5.cmp1197;r_sym_1.smb;005;;NO;;;;;;
R2580;1267362131;sht5.cmp1067;r_sym_1.smb;005;;NO;;;;;;
R2585;1267368002;sht5.cmp1139;r_sym_1.smb;005;;NO;;;;;;
R2586;1267368013;sht5.cmp1170;r_sym_1.smb;005;;NO;;;;;;
R2590;1267362131;sht5.cmp1009;r_sym_1.smb;005;;NO;;;;;;
R2592;1267362193;sht5.cmp602;r_sym_1.smb;005;;YES;;;;;;
R2595;1267368002;sht5.cmp1135;r_sym_1.smb;005;;NO;;;;;;
R2596;1267368013;sht5.cmp1173;r_sym_1.smb;005;;NO;;;;;;
R2600;1267362131;sht5.cmp1010;r_sym_1.smb;005;;NO;;;;;;
R2602;1267362193;sht5.cmp605;r_sym_1.smb;005;;YES;;;;;;
R2605;1267368002;sht5.cmp1136;r_sym_1.smb;005;;NO;;;;;;
R2606;1267368013;sht5.cmp1172;r_sym_1.smb;005;;NO;;;;;;
R2610;1267362131;sht5.cmp1062;r_sym_1.smb;005;;NO;;;;;;
R2615;1267368002;sht5.cmp1137;r_sym_1.smb;005;;NO;;;;;;
R2616;1267368013;sht5.cmp1169;r_sym_1.smb;005;;NO;;;;;;
R2620;1267362131;sht5.cmp1061;r_sym_1.smb;005;;NO;;;;;;
R2625;1267368002;sht5.cmp1138;r_sym_1.smb;005;;NO;;;;;;
R2626;1267368013;sht5.cmp1171;r_sym_1.smb;005;;NO;;;;;;
R2630;1267362131;sht5.cmp1051;r_sym_1.smb;005;;NO;;;;;;
R2632;1267362193;sht5.cmp840;r_sym_1.smb;005;;YES;;;;;;
R2635;1267368002;sht5.cmp1140;r_sym_1.smb;005;;NO;;;;;;
R2636;1267368013;sht5.cmp1168;r_sym_1.smb;005;;NO;;;;;;
R2640;1267362131;sht5.cmp1267;r_sym_1.smb;005;;NO;;;;;;
R2642;1267362193;sht5.cmp1330;r_sym_1.smb;005;;YES;;;;;;
R2645;1267368002;sht5.cmp1270;r_sym_1.smb;005;;NO;;;;;;
R2646;1267368013;sht5.cmp1242;r_sym_1.smb;005;;NO;;;;;;
R3006;1267368026;sht1.cmp5091;r_sym_1.smb;001;;YES;;;;;;
R3011;1267368025;sht1.cmp5179;r_sym_1.smb;001;;NO;;;;;;
R3020;1267360707;sht1.cmp5097;rshunt_1_sym_1.smb;001;;NO;;;;;;
R3021;1267360857;sht1.cmp5126;r_sym_1.smb;001;;NO;;;;;;
R3022;1267362792;sht1.cmp5089;r_sym_1.smb;001;;NO;;;;;;
R3023;1267368026;sht1.cmp5090;r_sym_1.smb;001;;YES;;;;;;
R3024;1267368036;sht1.cmp5127;r_sym_1.smb;001;;NO;;;;;;
R3025;1267362792;sht1.cmp5084;r_sym_1.smb;001;;NO;;;;;;
R3026;1267368036;sht1.cmp5205;r_sym_1.smb;001;;NO;;;;;;
R3029;1267360375;sht1.cmp5129;r_sym_1.smb;001;;NO;;;;;;
R3030;8901009076;sht1.cmp5096;rshunt_1_sym_1.smb;001;;NO;;;;;;
R3031;1267362738;sht1.cmp5130;r_sym_1.smb;001;;NO;;;;;;
R3032;1267368036;sht1.cmp5131;r_sym_1.smb;001;;NO;;;;;;
R3033;1267362792;sht1.cmp5088;r_sym_1.smb;001;;NO;;;;;;
R3034;1267368026;sht1.cmp5095;r_sym_1.smb;001;;YES;;;;;;
R3043;1267360860;sht1.cmp5085;r_sym_1.smb;001;;YES;;;;;;
R3044;1267360860;sht1.cmp5087;r_sym_1.smb;001;;NO;;;;;;
R3046;1267360860;sht1.cmp5093;r_sym_1.smb;001;;YES;;;;;;
R3080;1267360860;sht1.cmp5094;r_sym_1.smb;001;;NO;;;;;;
R3082;1267360860;sht1.cmp5086;r_sym_1.smb;001;;NO;;;;;;
R3160;1267362197;sht2.cmp2308;r_sym_1.smb;002;;YES;;;;;;
R3161;1267361541;sht2.cmp2275;r_sym_1.smb;002;;YES;;;;;;
R3162;1267368003;sht2.cmp2758;r_sym_1.smb;002;;NO;;;;;;
R3163;1267368003;sht2.cmp2385;r_sym_1.smb;002;;NO;;;;;;
R3164;1267361538;sht2.cmp2755;r_sym_1.smb;002;;NO;;;;;;
R3165;1267361538;sht2.cmp2756;r_sym_1.smb;002;;NO;;;;;;
R3166;1267361541;sht2.cmp2757;r_sym_1.smb;002;;NO;;;;;;
R3167;1267361541;sht2.cmp2252;r_sym_1.smb;002;;NO;;;;;;
R3168;1267360618;sht2.cmp2266;r_sym_1.smb;002;;YES;;;;;;
R3170;1267360861;sht3.cmp1182;r_sym_1.smb;003;;NO;;;;;;
R3171;1267360861;sht3.cmp1183;r_sym_1.smb;003;;NO;;;;;;
R3199;1267361541;sht2.cmp2753;r_sym_1.smb;002;;NO;;;;;;
R3508;1267360864;sht2.cmp2414;r_sym_1.smb;002;;NO;;;;;;
R4425;1267361535;sht3.cmp2026;r_sym_1.smb;003;;YES;;;;;;
R4435;1267361535;sht3.cmp2009;r_sym_1.smb;003;;YES;;;;;;
R4445;1267361535;sht3.cmp1994;r_sym_1.smb;003;;YES;;;;;;
R4550;1267360861;sht3.cmp1964;r_sym_1.smb;003;;YES;;;;;;
R4551;1267360861;sht3.cmp1935;r_sym_1.smb;003;;YES;;;;;;
R4563;1267377475;sht3.cmp1883;var_sym_1.smb;003;;YES;;;;;;
R4564;1267362741;sht3.cmp1886;r_sym_1.smb;003;;NO;;;;;;
R4573;1267377475;sht3.cmp1712;var_sym_1.smb;003;;YES;;;;;;
R4574;1267362741;sht3.cmp1661;r_sym_1.smb;003;;NO;;;;;;
R4583;1267377475;sht3.cmp1810;var_sym_1.smb;003;;YES;;;;;;
R4584;1267360624;sht3.cmp1823;r_sym_1.smb;003;;YES;;;;;;
R4593;1267377475;sht3.cmp1748;var_sym_1.smb;003;;YES;;;;;;
R4594;1267360624;sht3.cmp1713;r_sym_1.smb;003;;YES;;;;;;
R4743;1267362144;sht3.cmp963;r_sym_1.smb;003;;YES;;;;;;
R4746;1267362711;sht3.cmp1204;r_sym_1.smb;003;;NO;;;;;;
R4747;1267362711;sht3.cmp1203;r_sym_1.smb;003;;NO;;;;;;
R4762;1267362129;sht3.cmp1159;r_sym_1.smb;003;;NO;;;;;;
R4763;1267360856;sht3.cmp1160;r_sym_1.smb;003;;NO;;;;;;
R5000;1267362732;sht10.cmp3273/sht1.cmp2404;r_sym_1.smb;010;;NO;;;;;;
R5001;1267362732;sht10.cmp3273/sht1.cmp2517;r_sym_1.smb;010;;NO;;;;;;
R5002;1267361540;sht10.cmp3273/sht1.cmp2209;r_sym_1.smb;010;;NO;;;;;;
R5003;1267362715;sht10.cmp3273/sht1.cmp2216;r_sym_1.smb;010;;NO;;;;;;
R5004;1267361536;sht10.cmp3273/sht1.cmp2604;r_sym_1.smb;010;;NO;;;;;;
R5005;1267361542;sht10.cmp3273/sht1.cmp2272;r_sym_1.smb;010;;YES;;;;;;
R5006;1267361542;sht10.cmp3273/sht1.cmp2015;r_sym_1.smb;010;;YES;;;;;;
R5007;1267362732;sht10.cmp3273/sht1.cmp2542;r_sym_1.smb;010;;NO;;;;;;
R5008;1267361542;sht10.cmp3273/sht1.cmp3361;r_sym_1.smb;010;;NO;;;;;;
R5050;1267361542;sht10.cmp3273/sht1.cmp3266;r_sym_1.smb;010;;YES;;;;;;
R5051;1267361542;sht10.cmp3273/sht1.cmp3262;r_sym_1.smb;010;;YES;;;;;;
R5080;1267361544;sht10.cmp3273/sht1.cmp3241;r_sym_1.smb;010;;YES;;;;;;
R5081;1267361544;sht10.cmp3273/sht1.cmp3242;r_sym_1.smb;010;;YES;;;;;;
R5082;1267361544;sht10.cmp3273/sht1.cmp3243;r_sym_1.smb;010;;YES;;;;;;
R5090;1267361544;sht10.cmp3273/sht1.cmp3376;r_sym_1.smb;010;;YES;;;;;;
R5091;1267361544;sht10.cmp3273/sht1.cmp3379;r_sym_1.smb;010;;YES;;;;;;
R5092;1267361544;sht10.cmp3273/sht1.cmp3382;r_sym_1.smb;010;;YES;;;;;;
R5122;1267361536;sht10.cmp3273/sht2.cmp3320;r_sym_1.smb;010;;NO;;;;;;
R5123;1267361536;sht10.cmp3273/sht2.cmp3324;r_sym_1.smb;010;;NO;;;;;;
R5125;1267361542;sht10.cmp3273/sht2.cmp3361;r_sym_1.smb;010;;YES;;;;;;
R5128;1267360847;sht10.cmp3273/sht2.cmp3517;r_sym_1.smb;010;;YES;;;;;;
R5901;1267361537;sht6.cmp1098;r_sym_1.smb;006;;NO;;;;;;
R5902;1267361537;sht6.cmp1060;r_sym_1.smb;006;;NO;;;;;;
R5904;1267362711;sht16.cmp4561;r_sym_1.smb;016;;NO;;;;;;
R5905;1267362711;sht16.cmp4491;r_sym_1.smb;016;;NO;;;;;;
R6001;1267362726;sht11.cmp2587;r_sym_1.smb;011;;NO;;;;;;
R6002;1267362726;sht11.cmp2612;r_sym_1.smb;011;;NO;;;;;;
R6020;1267368007;sht2.cmp2695;r_sym_1.smb;002;;YES;;;;;;
R6051;1267362726;sht12.cmp2018;r_sym_1.smb;012;;NO;;;;;;
R6052;1267362726;sht12.cmp2006;r_sym_1.smb;012;;NO;;;;;;
R6053;1267361572;sht12.cmp1941;r_sym_1.smb;012;;NO;;;;;;
R6059;1267360856;sht11.cmp2566;r_sym_1.smb;011;;NO;;;;;;
R6066;1267360858;sht2.cmp2754;r_sym_1.smb;002;;NO;;;;;;
R6210;1267360704;sht11.cmp2693;rshunt_1_sym_1.smb;011;;NO;;;;;;
R6226;1267361535;sht11.cmp2739;r_sym_1.smb;011;;NO;;;;;;
R6230;1267360799;sht11.cmp2800;rshunt_1_sym_1.smb;011;;NO;;;;;;
R6235;1267361512;sht11.cmp2825;r_sym_1.smb;011;;YES;;;;;;
R6236;1267361537;sht11.cmp2811;r_sym_1.smb;011;;YES;;;;;;
R6240;1267360704;sht12.cmp2094;rshunt_1_sym_1.smb;012;;NO;;;;;;
R6246;1267361537;sht12.cmp2090;r_sym_1.smb;012;;NO;;;;;;
R6250;1267360799;sht12.cmp2152;rshunt_1_sym_1.smb;012;;NO;;;;;;
R6255;1267361512;sht12.cmp2134;r_sym_1.smb;012;;YES;;;;;;
R6256;1267361537;sht12.cmp2130;r_sym_1.smb;012;;YES;;;;;;
R6260;1267360799;sht13.cmp2122;rshunt_1_sym_1.smb;013;;NO;;;;;;
R6266;1267361537;sht13.cmp1797;r_sym_1.smb;013;;YES;;;;;;
R6270;1267360799;sht13.cmp2121;rshunt_1_sym_1.smb;013;;NO;;;;;;
R6276;1267361537;sht13.cmp1773;r_sym_1.smb;013;;YES;;;;;;
R6723;1267361538;sht13.cmp1836;r_sym_1.smb;013;;NO;;;;;;
R6724;1267361538;sht13.cmp1767;r_sym_1.smb;013;;NO;;;;;;
R6755;1267361572;sht13.cmp2358;r_sym_1.smb;013;;NO;;;;;;
R6940;1267361541;sht15.cmp3470;r_sym_1.smb;015;;NO;;;;;;
R6941;1267361541;sht15.cmp3433;r_sym_1.smb;015;;NO;;;;;;
R6942;1267361545;sht15.cmp3436;r_sym_1.smb;015;;NO;;;;;;
R6943;1267360853;sht15.cmp3443;r_sym_1.smb;015;;NO;;;;;;
R6944;1267360861;sht15.cmp3466;r_sym_1.smb;015;;NO;;;;;;
R6945;1267361535;sht15.cmp3458;r_sym_1.smb;015;;NO;;;;;;
R6948;1267361541;sht15.cmp3448;r_sym_1.smb;015;;NO;;;;;;
R6949;1267361535;sht15.cmp3439;r_sym_1.smb;015;;NO;;;;;;
R6958;1267362129;sht15.cmp3437;r_sym_1.smb;015;;NO;;;;;;
R6960;1267361541;sht15.cmp3304;r_sym_1.smb;015;;NO;;;;;;
R6961;1267361541;sht15.cmp3274;r_sym_1.smb;015;;NO;;;;;;
R6962;1267361541;sht15.cmp3570;r_sym_1.smb;015;;NO;;;;;;
R6963;1267360853;sht15.cmp3283;r_sym_1.smb;015;;NO;;;;;;
R6964;1267360861;sht15.cmp3235;r_sym_1.smb;015;;NO;;;;;;
R6965;1267361535;sht15.cmp3259;r_sym_1.smb;015;;NO;;;;;;
R6968;1267361541;sht15.cmp3294;r_sym_1.smb;015;;NO;;;;;;
R6969;1267361535;sht15.cmp3250;r_sym_1.smb;015;;NO;;;;;;
R6978;1267362129;sht15.cmp3328;r_sym_1.smb;015;;NO;;;;;;
R6980;1267361541;sht15.cmp3297;r_sym_1.smb;015;;NO;;;;;;
R6981;1267361541;sht15.cmp3238;r_sym_1.smb;015;;NO;;;;;;
R6982;1267361541;sht15.cmp3571;r_sym_1.smb;015;;NO;;;;;;
R6983;1267360853;sht15.cmp3236;r_sym_1.smb;015;;NO;;;;;;
R6984;1267360861;sht15.cmp3301;r_sym_1.smb;015;;NO;;;;;;
R6985;1267361535;sht15.cmp3276;r_sym_1.smb;015;;NO;;;;;;
R6988;1267361541;sht15.cmp3308;r_sym_1.smb;015;;NO;;;;;;
R6989;1267361535;sht15.cmp3300;r_sym_1.smb;015;;NO;;;;;;
R6998;1267362129;sht15.cmp3278;r_sym_1.smb;015;;NO;;;;;;
R7120;1267361541;sht15.cmp3541;r_sym_1.smb;015;;NO;;;;;;
R7122;1267361541;sht15.cmp3572;r_sym_1.smb;015;;NO;;;;;;
R7123;1267360853;sht15.cmp3557;r_sym_1.smb;015;;NO;;;;;;
R7124;1267360861;sht15.cmp3538;r_sym_1.smb;015;;NO;;;;;;
R7126;1267362129;sht15.cmp3543;r_sym_1.smb;015;;NO;;;;;;
R7128;1267361541;sht15.cmp3521;r_sym_1.smb;015;;NO;;;;;;
R7131;1267361535;sht15.cmp3553;r_sym_1.smb;015;;NO;;;;;;
R7147;1267361535;sht15.cmp3493;r_sym_1.smb;015;;NO;;;;;;
R7148;1267361541;sht15.cmp3480;r_sym_1.smb;015;;NO;;;;;;
R7162;1267361541;sht15.cmp3573;r_sym_1.smb;015;;NO;;;;;;
R7163;1267360853;sht15.cmp3564;r_sym_1.smb;015;;NO;;;;;;
R7164;1267360861;sht15.cmp3531;r_sym_1.smb;015;;NO;;;;;;
R7166;1267362129;sht15.cmp3545;r_sym_1.smb;015;;NO;;;;;;
R7167;1267361541;sht15.cmp3518;r_sym_1.smb;015;;NO;;;;;;
R7168;1267361541;sht15.cmp3523;r_sym_1.smb;015;;NO;;;;;;
R7171;1267361535;sht15.cmp3552;r_sym_1.smb;015;;NO;;;;;;
R7187;1267361535;sht15.cmp3505;r_sym_1.smb;015;;NO;;;;;;
R7188;1267361541;sht15.cmp3503;r_sym_1.smb;015;;NO;;;;;;
R8101;1267361546;sht13.cmp2323;r_sym_1.smb;013;;NO;;;;;;
R8105;1267361539;sht13.cmp2322;r_sym_1.smb;013;;NO;;;;;;
R8121;1267361546;sht13.cmp2186;r_sym_1.smb;013;;YES;;;;;;
R8125;1267361539;sht13.cmp2263;r_sym_1.smb;013;;YES;;;;;;
R8300;1267361539;sht14.cmp1901;r_sym_1.smb;014;;NO;;;;;;
R8301;1267361546;sht14.cmp1899;r_sym_1.smb;014;;NO;;;;;;
R8310;1267361539;sht14.cmp1896;r_sym_1.smb;014;;NO;;;;;;
R8311;1267361546;sht14.cmp1897;r_sym_1.smb;014;;NO;;;;;;
R8320;1267361539;sht14.cmp2329;r_sym_1.smb;014;;NO;;;;;;
R8321;1267361546;sht14.cmp2312;r_sym_1.smb;014;;NO;;;;;;
R8330;1267361539;sht14.cmp2152;r_sym_1.smb;014;;YES;;;;;;
R8331;1267361546;sht14.cmp2245;r_sym_1.smb;014;;YES;;;;;;
R8340;1267361539;sht14.cmp2394;r_sym_1.smb;014;;NO;;;;;;
R8341;1267361546;sht14.cmp2418;r_sym_1.smb;014;;NO;;;;;;
R8350;1267361539;sht14.cmp2374;r_sym_1.smb;014;;YES;;;;;;
R8351;1267361546;sht14.cmp2412;r_sym_1.smb;014;;YES;;;;;;
R8430;1267362131;sht9.cmp1600;r_sym_1.smb;009;;NO;;;;;;
R8431;1267361902;sht9.cmp1588;r_sym_1.smb;009;;NO;;;;;;
R8432;1267362129;sht9.cmp1599;r_sym_1.smb;009;;NO;;;;;;
R8433;1267361541;sht9.cmp1581;r_sym_1.smb;009;;NO;;;;;;
R8434;1267362725;sht9.cmp1593;r_sym_1.smb;009;;NO;;;;;;
R8435;1267361572;sht9.cmp1586;r_sym_1.smb;009;;NO;;;;;;
R9500;8901009076;sht16.cmp4902;rshunt_1_sym_1.smb;016;;NO;;;;;;
R9507;1267361502;sht16.cmp4903;r_sym_1.smb;016;;NO;;;;;;
R9516;1267362126;sht16.cmp4920;r_sym_1.smb;016;;NO;;;;;;
R9518;1267360899;sht16.cmp4908;r_sym_1.smb;016;;NO;;;;;;
R9519;1267362127;sht16.cmp4948;r_sym_1.smb;016;;NO;;;;;;
R9600;1267362192;sht16.cmp4641;r_sym_1.smb;016;;NO;;;;;;
R9601;1267362727;sht16.cmp4411;r_sym_1.smb;016;;NO;;;;;;
R9602;1267361538;sht16.cmp4385;r_sym_1.smb;016;;NO;;;;;;
R9605;1267362192;sht16.cmp4345;r_sym_1.smb;016;;NO;;;;;;
R9606;1267362726;sht16.cmp4378;r_sym_1.smb;016;;NO;;;;;;
R9607;1267361538;sht16.cmp4475;r_sym_1.smb;016;;NO;;;;;;
R9610;8901009076;sht16.cmp4603;rshunt_1_sym_1.smb;016;;NO;;;;;;
R9611;1267362727;sht16.cmp4571;r_sym_1.smb;016;;NO;;;;;;
R9616;1267362727;sht16.cmp4532;r_sym_1.smb;016;;NO;;;;;;
R9621;1267362727;sht16.cmp4594;r_sym_1.smb;016;;NO;;;;;;
R9630;1267362192;sht16.cmp4356;r_sym_1.smb;016;;NO;;;;;;
R9631;1267362727;sht16.cmp4471;r_sym_1.smb;016;;NO;;;;;;
R9632;1267361538;sht16.cmp4618;r_sym_1.smb;016;;NO;;;;;;
R9635;1267362192;sht16.cmp4367;r_sym_1.smb;016;;NO;;;;;;
R9636;1267362726;sht16.cmp4589;r_sym_1.smb;016;;NO;;;;;;
R9637;1267361538;sht16.cmp4524;r_sym_1.smb;016;;NO;;;;;;
R9640;8901009076;sht16.cmp4391;rshunt_1_sym_1.smb;016;;NO;;;;;;
R9641;1267362727;sht16.cmp4636;r_sym_1.smb;016;;NO;;;;;;
R9646;1267362727;sht16.cmp4363;r_sym_1.smb;016;;NO;;;;;;
R9651;1267362727;sht16.cmp4440;r_sym_1.smb;016;;NO;;;;;;
R9690;1267362128;sht6.cmp1055;r_sym_1.smb;006;;NO;;;;;;
R9691;1267361348;sht6.cmp1063;r_sym_1.smb;006;;NO;;;;;;
R9692;1267362733;sht6.cmp1065;r_sym_1.smb;006;;NO;;;;;;
R9695;1267362128;sht6.cmp1084;r_sym_1.smb;006;;NO;;;;;;
R9696;1267361348;sht6.cmp1056;r_sym_1.smb;006;;NO;;;;;;
R9697;1267362733;sht6.cmp1078;r_sym_1.smb;006;;NO;;;;;;
R1720A;1267362131;sht6.cmp735;r_sym_1.smb;006;;NO;;;;;;
R1725A;1267362131;sht6.cmp737;r_sym_1.smb;006;;NO;;;;;;
R1901A;1267360835;sht4.cmp952;r_sym_1.smb;004;;NO;;;;;;
R1901B;1267360835;sht4.cmp953;r_sym_1.smb;004;;NO;;;;;;
R1906A;1267360835;sht4.cmp969;r_sym_1.smb;004;;NO;;;;;;
R1906B;1267360835;sht4.cmp978;r_sym_1.smb;004;;NO;;;;;;
R1911A;1267360835;sht4.cmp976;r_sym_1.smb;004;;NO;;;;;;
R1911B;1267360835;sht4.cmp979;r_sym_1.smb;004;;NO;;;;;;
R1916A;1267360835;sht4.cmp977;r_sym_1.smb;004;;NO;;;;;;
R1916B;1267360835;sht4.cmp971;r_sym_1.smb;004;;NO;;;;;;
R1921A;1267360835;sht4.cmp981;r_sym_1.smb;004;;NO;;;;;;
R1921B;1267360835;sht4.cmp972;r_sym_1.smb;004;;NO;;;;;;
R1926A;1267360835;sht4.cmp970;r_sym_1.smb;004;;NO;;;;;;
R1926B;1267360835;sht4.cmp973;r_sym_1.smb;004;;NO;;;;;;
R1931A;1267360835;sht4.cmp980;r_sym_1.smb;004;;NO;;;;;;
R1931B;1267360835;sht4.cmp974;r_sym_1.smb;004;;NO;;;;;;
R1936A;1267360835;sht4.cmp968;r_sym_1.smb;004;;NO;;;;;;
R1936B;1267360835;sht4.cmp975;r_sym_1.smb;004;;NO;;;;;;
R1976A;1267362198;sht6.cmp1190;r_sym_1.smb;006;;NO;;;;;;
R1976B;1267368013;sht6.cmp1191;r_sym_1.smb;006;;YES;;;;;;
R1981A;1267360835;sht4.cmp1028;r_sym_1.smb;004;;YES;;;;;;
R1981B;1267360835;sht4.cmp1027;r_sym_1.smb;004;;YES;;;;;;
R2144A;1267368018;sht9.cmp1574;r_sym_1.smb;009;;NO;;;;;;
R2144B;1267368018;sht9.cmp1712;r_sym_1.smb;009;;NO;;;;;;
R2791A;1267360835;sht4.cmp984;r_sym_1.smb;004;;NO;;;;;;
R2791B;1267360835;sht4.cmp982;r_sym_1.smb;004;;NO;;;;;;
R3041A;1267360860;sht1.cmp5182;r_sym_1.smb;001;;NO;;;;;;
R3041B;1267360860;sht1.cmp5180;r_sym_1.smb;001;;NO;;;;;;
R3041C;1267360860;sht1.cmp5092;r_sym_1.smb;001;;NO;;;;;;
R3163B;1267368003;sht2.cmp2703;r_sym_1.smb;002;;NO;;;;;;
R4560A;1267368018;sht3.cmp1922;r_sym_1.smb;003;;NO;;;;;;
R4560B;1267368018;sht3.cmp1892;r_sym_1.smb;003;;NO;;;;;;
R4570A;1267368018;sht3.cmp1672;r_sym_1.smb;003;;NO;;;;;;
R4570B;1267368018;sht3.cmp1659;r_sym_1.smb;003;;NO;;;;;;
R4580A;1267368018;sht3.cmp1819;r_sym_1.smb;003;;YES;;;;;;
R4580B;1267368018;sht3.cmp1791;r_sym_1.smb;003;;YES;;;;;;
R4590A;1267368018;sht3.cmp1721;r_sym_1.smb;003;;YES;;;;;;
R4590B;1267368018;sht3.cmp1750;r_sym_1.smb;003;;YES;;;;;;
R4741A;1267360853;sht3.cmp1189;r_sym_1.smb;003;;NO;;;;;;
R4741B;1267368000;sht3.cmp1190;r_sym_1.smb;003;;YES;;;;;;
R4742A;1267360853;sht3.cmp1188;r_sym_1.smb;003;;NO;;;;;;
R4742B;1267368000;sht3.cmp1191;r_sym_1.smb;003;;YES;;;;;;
S1100;1277379025;sht7.cmp2015;cj135-c0_sdsym_3.smb;007;;YES;;;;;;
S1150;1277379025;sht8.cmp1970;cj135-c0_sdsym_3.smb;008;;YES;;;;;;
S1200;8909009127;sht7.cmp1919;mlx90339_sdsym_1.smb;007;;YES;;;;;;
S1250;8909009127;sht8.cmp1916;mlx90339_sdsym_1.smb;008;;YES;;;;;;
S1600;0273300387;sht6.cmp1142;smp580_nc_sdsym_1.smb;006;;NO;;;;;;
S1603;0273300605;sht6.cmp1193;smp581_nc_sdsym_1.smb;006;;YES;;;;;;
S3000;0272240357;sht1.cmp5132;cy329a_tqfp64_ep_sdsym_31_1.smb;001;;NO;;;;;;
S4550;8909005844;sht3.cmp1941;tja1044_sdsym_2.smb;003;;YES;;;;;;
S4555;8909003316;sht3.cmp1961;74ahc1g14_sym_1.smb;003;;YES;;;;;;
S4560;1267379051;sht3.cmp1882;tja1021_sdsym_1.smb;003;;NO;;;;;;
S4570;1267379051;sht3.cmp1674;tja1021_sdsym_1.smb;003;;NO;;;;;;
S4575;8909013639;sht3.cmp2019;74hct1g08_sym_1.smb;003;;YES;;;;;;
S4580;1267379051;sht3.cmp1807;tja1021_sdsym_1.smb;003;;YES;;;;;;
S4585;8909013639;sht3.cmp2008;74hct1g08_sym_1.smb;003;;YES;;;;;;
S4590;1267379051;sht3.cmp1723;tja1021_sdsym_1.smb;003;;YES;;;;;;
S4595;8909013639;sht3.cmp1983;74hct1g08_sym_1.smb;003;;YES;;;;;;
S4740;1267379095;sht3.cmp1231;tja1081a_sdsym_2.smb;003;;NO;;;;;;
S5000;8909010955;sht10.cmp3273/sht1.cmp3343;fsl_lfbga512_pd_sdsym_1.smb;010;;NO;;;;;;
S6000;1277379011;sht11.cmp2538;cj950_sdsym_2.smb;011;;NO;;;;;;
S6050;1277379011;sht12.cmp1916;cj950_sdsym_8.smb;012;;NO;;;;;;
S6220;1267379613;sht11.cmp2692;ad8203yr_sym_2.smb;011;;NO;;;;;;
S6230;1267379613;sht11.cmp2829;ad8203yr_sym_2.smb;011;;YES;;;;;;
S6240;1267379613;sht12.cmp2080;ad8203yr_sym_2.smb;012;;NO;;;;;;
S6250;1267379613;sht12.cmp2129;ad8203yr_sym_2.smb;012;;YES;;;;;;
S6260;1267379613;sht13.cmp1834;ad8203yr_sym_1.smb;013;;YES;;;;;;
S6270;1267379613;sht13.cmp1714;ad8203yr_sym_1.smb;013;;YES;;;;;;
S6700;0272240316;sht13.cmp1751;cj960_sdsym_1.smb;013;;NO;;;;;;
S6940;8909010030;sht15.cmp3477;bts5045-2eka_sdsym_1.smb;015;;NO;;;;;;
S6960;8909010032;sht15.cmp3323;bts5045-2eka_sdsym_1.smb;015;;NO;;;;;;
S6980;8909010032;sht15.cmp3260;bts5045-2eka_sdsym_1.smb;015;;NO;;;;;;
S7120;8909010030;sht15.cmp3536;bts5045-2eka_sdsym_1.smb;015;;NO;;;;;;
S7160;8909010030;sht15.cmp3548;bts5045-2eka_sdsym_1.smb;015;;NO;;;;;;
S8100;8909014152;sht13.cmp2337;l9959u_sdsym_6.smb;013;;NO;;;;;;
S8120;8909014152;sht13.cmp2253;l9959u_sdsym_6.smb;013;;YES;;;;;;
S8300;8909014153;sht14.cmp1904;l9959t_sdsym_12.smb;014;;NO;;;;;;
S8340;8909014152;sht14.cmp2383;l9959t_sdsym_12.smb;014;;NO;;;;;;
S9500;1267367310;sht16.cmp4983|sht16.cmp4984|sht16.cmp4985|sht16.cmp4986|sht16.cmp4987|sht16.cmp4988|sht16.cmp4989|sht16.cmp4990|sht16.cmp4991|sht16.cmp4992|sht16.cmp4993|sht16.cmp4994|sht16.cmp4995|sht16.cmp4996|sht16.cmp4997|sht16.cmp4998|sht16.cmp4999|sht16.cmp5000|sht16.cmp5001|sht16.cmp5002;sc900721ae_sdsym_1_1.smb|sc900721ae_sdsym_2.smb|sc900721ae_sdsym_3.smb|sc900721ae_sdsym_4.smb|sc900721ae_sdsym_5.smb|sc900721ae_sdsym_6.smb|sc900721ae_sdsym_7.smb|sc900721ae_sdsym_8.smb|sc900721ae_sdsym_9.smb|sc900721ae_sdsym_10.smb|sc900721ae_sdsym_11.smb|sc900721ae_sdsym_12.smb|sc900721ae_sdsym_13.smb|sc900721ae_sdsym_14.smb|sc900721ae_sdsym_15.smb|sc900721ae_sdsym_16.smb|sc900721ae_sdsym_17.smb|sc900721ae_sdsym_18.smb|sc900721ae_sdsym_19.smb|sc900721ae_sdsym_20.smb;016;;NO;;;;;;
S8320A;8909014153;sht14.cmp2147;l9959t_sdsym_12.smb;014;;YES;;;;;;
S8320B;8909014152;sht14.cmp2205;l9959u_sdsym_6.smb;014;;NO;;;;;;
S8320C;8909014152;sht14.cmp2299;l9959u_sdsym_6.smb;014;;YES;;;;;;
T1713;1267377041;sht6.cmp1120;master_nmos_sym_1.smb;006;;NO;;;;;;
T3030;8909004465;sht1.cmp5133;buk9y19-55b_sym_1.smb;001;;NO;;;;;;
T5120;1267377051;sht10.cmp3273/sht2.cmp3367;pmpb100xpea_sdsym_1.smb;010;;NO;;;;;;
T5122;1267377052;sht10.cmp3273/sht2.cmp3368;pmpb55_sdsym_1.smb;010;;NO;;;;;;
T9500;8905509145;sht16.cmp4919;master_nmos3_sym_1.smb;016;;NO;;;;;;
T9600;8909004465;sht16.cmp4826;buk9y19-55b_sym_1.smb;016;;NO;;;;;;
T9630;8909004465;sht16.cmp4828;buk9y19-55b_sym_1.smb;016;;NO;;;;;;
TN3022;1267377069;sht1.cmp5074|sht1.cmp5145;ipg20n04s4_sdsym_1_1.smb|ipg20n04s4_sdsym_2_1.smb;001;;NO;;;;;;
TN8430;1267377045;sht9.cmp1587|sht9.cmp1591;bc846bdw1_sdsym_1.smb|bc846bdw1_sdsym_2.smb;009;;NO;;;;;;
TN9605;1267377068;sht16.cmp4392|sht16.cmp4403;ipg20n04s4_sdsym_1_1.smb|ipg20n04s4_sdsym_2_1.smb;016;;NO;;;;;;
TN9610;1267377068;sht16.cmp4414|sht16.cmp4426;ipg20n04s4_sdsym_1_1.smb|ipg20n04s4_sdsym_2_1.smb;016;;NO;;;;;;
TN9620;1267377068;sht16.cmp4436|sht16.cmp4470;ipg20n04s4_sdsym_1_1.smb|ipg20n04s4_sdsym_2_1.smb;016;;NO;;;;;;
TN9640;1267377068;sht16.cmp4448|sht16.cmp4459;ipg20n04s4_sdsym_1_1.smb|ipg20n04s4_sdsym_2_1.smb;016;;NO;;;;;;
X1;1034486397;sht1.cmp5171;st_sym_1.smb;001;;NO;;;;;;
X5000;8905B0010601;sht10.cmp3273/sht1.cmp2043;bdm_10_sym_1.smb;010;;YES;;;;;;
